{
  "stats": {
    "suites": 22,
    "tests": 62,
    "passes": 56,
    "pending": 0,
    "failures": 6,
    "start": "2023-04-28T19:39:42.447Z",
    "end": "2023-04-28T19:40:44.445Z",
    "duration": 61998,
    "testsRegistered": 69,
    "passPercent": 81.15942028985508,
    "pendingPercent": 0,
    "other": 0,
    "hasOther": false,
    "skipped": 7,
    "hasSkipped": true
  },
  "results": [
    {
      "uuid": "fa35f346-f35b-486f-b6c2-b934e6b879ac",
      "title": "",
      "fullFile": "cypress/integration/project.spec.js",
      "file": "cypress/integration/project.spec.js",
      "beforeHooks": [],
      "afterHooks": [],
      "tests": [],
      "suites": [
        {
          "uuid": "70a855dd-f6c6-4059-a830-6f9be05a7f6f",
          "title": "Trybewarts",
          "fullFile": "",
          "file": "",
          "beforeHooks": [],
          "afterHooks": [],
          "tests": [],
          "suites": [
            {
              "uuid": "23cc903a-2cc4-422b-9692-ccdcacbaa1f2",
              "title": "1 - Crie uma barra verde na parte superior da página",
              "fullFile": "",
              "file": "",
              "beforeHooks": [],
              "afterHooks": [],
              "tests": [
                {
                  "title": "A barra possui a classe `header`",
                  "fullTitle": "Trybewarts 1 - Crie uma barra verde na parte superior da página A barra possui a classe `header`",
                  "timedOut": null,
                  "duration": 443,
                  "state": "passed",
                  "speed": "fast",
                  "pass": true,
                  "fail": false,
                  "pending": false,
                  "context": null,
                  "code": "cy.get(TOP_BAR_SELECTOR).should('exist');",
                  "err": {},
                  "uuid": "e5c25abd-9171-425a-805c-ab0a88f19b63",
                  "parentUUID": "23cc903a-2cc4-422b-9692-ccdcacbaa1f2",
                  "isHook": false,
                  "skipped": false
                },
                {
                  "title": "A classe `header` deve determinar que o elemento é um flex container",
                  "fullTitle": "Trybewarts 1 - Crie uma barra verde na parte superior da página A classe `header` deve determinar que o elemento é um flex container",
                  "timedOut": null,
                  "duration": 120,
                  "state": "passed",
                  "speed": "fast",
                  "pass": true,
                  "fail": false,
                  "pending": false,
                  "context": null,
                  "code": "cy.get(TOP_BAR_SELECTOR).should('have.css', 'display', 'flex');",
                  "err": {},
                  "uuid": "a0cf95bf-e92b-4dab-b28c-60ee6eea69e4",
                  "parentUUID": "23cc903a-2cc4-422b-9692-ccdcacbaa1f2",
                  "isHook": false,
                  "skipped": false
                },
                {
                  "title": "A classe header deve possuir a propriedade `background-color: rgb(50, 167, 145)`",
                  "fullTitle": "Trybewarts 1 - Crie uma barra verde na parte superior da página A classe header deve possuir a propriedade `background-color: rgb(50, 167, 145)`",
                  "timedOut": null,
                  "duration": 82,
                  "state": "passed",
                  "speed": "fast",
                  "pass": true,
                  "fail": false,
                  "pending": false,
                  "context": null,
                  "code": "cy.get(TOP_BAR_SELECTOR).should('have.css', 'background-color', 'rgb(50, 167, 145)');",
                  "err": {},
                  "uuid": "b0378068-dc60-45fb-945c-b71d34c67184",
                  "parentUUID": "23cc903a-2cc4-422b-9692-ccdcacbaa1f2",
                  "isHook": false,
                  "skipped": false
                }
              ],
              "suites": [],
              "passes": [
                "e5c25abd-9171-425a-805c-ab0a88f19b63",
                "a0cf95bf-e92b-4dab-b28c-60ee6eea69e4",
                "b0378068-dc60-45fb-945c-b71d34c67184"
              ],
              "failures": [],
              "pending": [],
              "skipped": [],
              "duration": 645,
              "root": false,
              "rootEmpty": false,
              "_timeout": 2000
            },
            {
              "uuid": "8b6a2463-3ca7-45b2-a8fd-9aeb6e0a6fbe",
              "title": "2 - Adicione o logotipo da Trybewarts",
              "fullFile": "",
              "file": "",
              "beforeHooks": [],
              "afterHooks": [],
              "tests": [
                {
                  "title": "Existe um elemento img com a classe `trybewarts-header-logo`",
                  "fullTitle": "Trybewarts 2 - Adicione o logotipo da Trybewarts Existe um elemento img com a classe `trybewarts-header-logo`",
                  "timedOut": null,
                  "duration": 99,
                  "state": "passed",
                  "speed": "fast",
                  "pass": true,
                  "fail": false,
                  "pending": false,
                  "context": null,
                  "code": "cy.get(TRYBEWARTS_LOGO_SELECTOR).should('exist');",
                  "err": {},
                  "uuid": "f6f2f817-f019-497e-a5e1-5984e8f96574",
                  "parentUUID": "8b6a2463-3ca7-45b2-a8fd-9aeb6e0a6fbe",
                  "isHook": false,
                  "skipped": false
                },
                {
                  "title": "O atributo src do logotipo aponta para images/trybewarts-header-logo.svg",
                  "fullTitle": "Trybewarts 2 - Adicione o logotipo da Trybewarts O atributo src do logotipo aponta para images/trybewarts-header-logo.svg",
                  "timedOut": null,
                  "duration": 93,
                  "state": "passed",
                  "speed": "fast",
                  "pass": true,
                  "fail": false,
                  "pending": false,
                  "context": null,
                  "code": "cy.get(TRYBEWARTS_LOGO_SELECTOR).should('have.attr', 'src').and('match', /images\\/trybewarts-header-logo\\.svg/);",
                  "err": {},
                  "uuid": "49375d2f-a6f4-4b54-bc80-5c0a50eb5ef7",
                  "parentUUID": "8b6a2463-3ca7-45b2-a8fd-9aeb6e0a6fbe",
                  "isHook": false,
                  "skipped": false
                }
              ],
              "suites": [],
              "passes": [
                "f6f2f817-f019-497e-a5e1-5984e8f96574",
                "49375d2f-a6f4-4b54-bc80-5c0a50eb5ef7"
              ],
              "failures": [],
              "pending": [],
              "skipped": [],
              "duration": 192,
              "root": false,
              "rootEmpty": false,
              "_timeout": 2000
            },
            {
              "uuid": "c2e1908a-2819-4c02-af8e-b7f2ce76fdfb",
              "title": "3 - Acrescente um formulário de login dentro do `header`, do lado direito",
              "fullFile": "",
              "file": "",
              "beforeHooks": [],
              "afterHooks": [],
              "tests": [
                {
                  "title": "Existe um formulário com a classe \"trybewarts-login\"",
                  "fullTitle": "Trybewarts 3 - Acrescente um formulário de login dentro do `header`, do lado direito Existe um formulário com a classe \"trybewarts-login\"",
                  "timedOut": null,
                  "duration": 143,
                  "state": "passed",
                  "speed": "fast",
                  "pass": true,
                  "fail": false,
                  "pending": false,
                  "context": null,
                  "code": "cy.get(TRYBEWARTS_LOGIN_FORM_SELECTOR).should('exist');",
                  "err": {},
                  "uuid": "b09e7fc2-6543-4b77-9f7d-6f1d7b5cb772",
                  "parentUUID": "c2e1908a-2819-4c02-af8e-b7f2ce76fdfb",
                  "isHook": false,
                  "skipped": false
                },
                {
                  "title": "Existe um input com o atributo name igual a \"email\" e o placeholder igual a \"Email\"",
                  "fullTitle": "Trybewarts 3 - Acrescente um formulário de login dentro do `header`, do lado direito Existe um input com o atributo name igual a \"email\" e o placeholder igual a \"Email\"",
                  "timedOut": null,
                  "duration": 130,
                  "state": "passed",
                  "speed": "fast",
                  "pass": true,
                  "fail": false,
                  "pending": false,
                  "context": null,
                  "code": "cy.get(`${TRYBEWARTS_LOGIN_FORM_SELECTOR} input[name=email]`).should('have.attr', 'placeholder').and('match', /Email/);",
                  "err": {},
                  "uuid": "3003d1e5-3195-443c-a92c-4898dc76d8dc",
                  "parentUUID": "c2e1908a-2819-4c02-af8e-b7f2ce76fdfb",
                  "isHook": false,
                  "skipped": false
                },
                {
                  "title": "Existe um input com o atributo name igual a \"password\" e o placeholder igual a \"Senha\"",
                  "fullTitle": "Trybewarts 3 - Acrescente um formulário de login dentro do `header`, do lado direito Existe um input com o atributo name igual a \"password\" e o placeholder igual a \"Senha\"",
                  "timedOut": null,
                  "duration": 100,
                  "state": "passed",
                  "speed": "fast",
                  "pass": true,
                  "fail": false,
                  "pending": false,
                  "context": null,
                  "code": "cy.get(`${TRYBEWARTS_LOGIN_FORM_SELECTOR} input[name=password]`).should('have.attr', 'placeholder').and('match', /Senha/);",
                  "err": {},
                  "uuid": "239f00c1-0958-4e40-ac12-8492a9139d47",
                  "parentUUID": "c2e1908a-2819-4c02-af8e-b7f2ce76fdfb",
                  "isHook": false,
                  "skipped": false
                },
                {
                  "title": "Existe um botão que contém o texto \"Entrar\"",
                  "fullTitle": "Trybewarts 3 - Acrescente um formulário de login dentro do `header`, do lado direito Existe um botão que contém o texto \"Entrar\"",
                  "timedOut": null,
                  "duration": 115,
                  "state": "passed",
                  "speed": "fast",
                  "pass": true,
                  "fail": false,
                  "pending": false,
                  "context": null,
                  "code": "cy.get(`${TRYBEWARTS_LOGIN_FORM_SELECTOR} button`).should('have.text', 'Entrar');",
                  "err": {},
                  "uuid": "c2e16d22-9c85-4238-ab55-90438b9ff4a7",
                  "parentUUID": "c2e1908a-2819-4c02-af8e-b7f2ce76fdfb",
                  "isHook": false,
                  "skipped": false
                },
                {
                  "title": "O formulário é um flex container",
                  "fullTitle": "Trybewarts 3 - Acrescente um formulário de login dentro do `header`, do lado direito O formulário é um flex container",
                  "timedOut": null,
                  "duration": 109,
                  "state": "passed",
                  "speed": "fast",
                  "pass": true,
                  "fail": false,
                  "pending": false,
                  "context": null,
                  "code": "cy.get(TRYBEWARTS_LOGIN_FORM_SELECTOR).should('have.css', 'display', 'flex');",
                  "err": {},
                  "uuid": "589dd4b4-2882-439a-8562-33fcc669e75c",
                  "parentUUID": "c2e1908a-2819-4c02-af8e-b7f2ce76fdfb",
                  "isHook": false,
                  "skipped": false
                },
                {
                  "title": "O formulário deve estar a direita da logo",
                  "fullTitle": "Trybewarts 3 - Acrescente um formulário de login dentro do `header`, do lado direito O formulário deve estar a direita da logo",
                  "timedOut": null,
                  "duration": 117,
                  "state": "passed",
                  "speed": "fast",
                  "pass": true,
                  "fail": false,
                  "pending": false,
                  "context": null,
                  "code": "cy.get(TRYBEWARTS_LOGIN_FORM_SELECTOR).should('be.rightOf', TRYBEWARTS_LOGO_SELECTOR);",
                  "err": {},
                  "uuid": "c5e5aea2-5b41-4de1-b713-a56e6a04326a",
                  "parentUUID": "c2e1908a-2819-4c02-af8e-b7f2ce76fdfb",
                  "isHook": false,
                  "skipped": false
                },
                {
                  "title": "Ao clicar no botão com login ou senha válidos, emite um alerta contendo o texto \"Olá, Tryber!\"",
                  "fullTitle": "Trybewarts 3 - Acrescente um formulário de login dentro do `header`, do lado direito Ao clicar no botão com login ou senha válidos, emite um alerta contendo o texto \"Olá, Tryber!\"",
                  "timedOut": null,
                  "duration": 1014,
                  "state": "failed",
                  "speed": null,
                  "pass": false,
                  "fail": true,
                  "pending": false,
                  "context": null,
                  "code": "const stub = cy.stub();\ncy.on('window:alert', stub);\ncy.get(`${TRYBEWARTS_LOGIN_FORM_SELECTOR} input[name=email]`).type('tryber@teste.com');\ncy.get(`${TRYBEWARTS_LOGIN_FORM_SELECTOR} input[name=password]`).type('123456');\ncy.get(`${TRYBEWARTS_LOGIN_FORM_SELECTOR} button`).click().then(() => {\n  expect(stub.getCall(0)).to.be.calledWith('Olá, Tryber!');\n});",
                  "err": {
                    "message": "TypeError: null is not a spy or a call to a spy!",
                    "estack": "TypeError: null is not a spy or a call to a spy!\n    at assertCanWorkWith (http://localhost:42877/__cypress/runner/cypress_runner.js:1388:19)\n    at Proxy.<anonymous> (http://localhost:42877/__cypress/runner/cypress_runner.js:1451:13)\n    at Proxy.methodWrapper (http://localhost:42877/__cypress/runner/cypress_runner.js:102933:25)\n    at getRet (http://localhost:42877/__cypress/runner/cypress_runner.js:160156:20)\n    at tryCatcher (http://localhost:42877/__cypress/runner/cypress_runner.js:13022:23)\n    at Function.Promise.attempt.Promise.try (http://localhost:42877/__cypress/runner/cypress_runner.js:10296:29)\n    at Context.thenFn (http://localhost:42877/__cypress/runner/cypress_runner.js:160174:63)\n    at Context.then (http://localhost:42877/__cypress/runner/cypress_runner.js:160626:21)\n    at Context.<anonymous> (http://localhost:42877/__cypress/runner/cypress_runner.js:178136:19)\n    at http://localhost:42877/__cypress/runner/cypress_runner.js:176929:15\n    at tryCatcher (http://localhost:42877/__cypress/runner/cypress_runner.js:13022:23)\n    at Promise._settlePromiseFromHandler (http://localhost:42877/__cypress/runner/cypress_runner.js:10957:31)\n    at Promise._settlePromise (http://localhost:42877/__cypress/runner/cypress_runner.js:11014:18)\n    at Promise._settlePromiseCtx (http://localhost:42877/__cypress/runner/cypress_runner.js:11051:10)\n    at _drainQueueStep (http://localhost:42877/__cypress/runner/cypress_runner.js:7733:12)",
                    "diff": null
                  },
                  "uuid": "81d74e95-0289-4117-a4c5-2cc4b819845e",
                  "parentUUID": "c2e1908a-2819-4c02-af8e-b7f2ce76fdfb",
                  "isHook": false,
                  "skipped": false
                },
                {
                  "title": "Ao clicar no botão com email ou senha inválidos, emite um alerta contendo o texto \"Email ou senha inválidos.\"",
                  "fullTitle": "Trybewarts 3 - Acrescente um formulário de login dentro do `header`, do lado direito Ao clicar no botão com email ou senha inválidos, emite um alerta contendo o texto \"Email ou senha inválidos.\"",
                  "timedOut": null,
                  "duration": 471,
                  "state": "failed",
                  "speed": null,
                  "pass": false,
                  "fail": true,
                  "pending": false,
                  "context": null,
                  "code": "const stub = cy.stub();\ncy.on('window:alert', stub);\ncy.get(`${TRYBEWARTS_LOGIN_FORM_SELECTOR} button`).click().then(() => {\n  expect(stub.getCall(0)).to.be.calledWith('Email ou senha inválidos.');\n});",
                  "err": {
                    "message": "TypeError: null is not a spy or a call to a spy!",
                    "estack": "TypeError: null is not a spy or a call to a spy!\n    at assertCanWorkWith (http://localhost:42877/__cypress/runner/cypress_runner.js:1388:19)\n    at Proxy.<anonymous> (http://localhost:42877/__cypress/runner/cypress_runner.js:1451:13)\n    at Proxy.methodWrapper (http://localhost:42877/__cypress/runner/cypress_runner.js:102933:25)\n    at getRet (http://localhost:42877/__cypress/runner/cypress_runner.js:160156:20)\n    at tryCatcher (http://localhost:42877/__cypress/runner/cypress_runner.js:13022:23)\n    at Function.Promise.attempt.Promise.try (http://localhost:42877/__cypress/runner/cypress_runner.js:10296:29)\n    at Context.thenFn (http://localhost:42877/__cypress/runner/cypress_runner.js:160174:63)\n    at Context.then (http://localhost:42877/__cypress/runner/cypress_runner.js:160626:21)\n    at Context.<anonymous> (http://localhost:42877/__cypress/runner/cypress_runner.js:178136:19)\n    at http://localhost:42877/__cypress/runner/cypress_runner.js:176929:15\n    at tryCatcher (http://localhost:42877/__cypress/runner/cypress_runner.js:13022:23)\n    at Promise._settlePromiseFromHandler (http://localhost:42877/__cypress/runner/cypress_runner.js:10957:31)\n    at Promise._settlePromise (http://localhost:42877/__cypress/runner/cypress_runner.js:11014:18)\n    at Promise._settlePromiseCtx (http://localhost:42877/__cypress/runner/cypress_runner.js:11051:10)\n    at _drainQueueStep (http://localhost:42877/__cypress/runner/cypress_runner.js:7733:12)",
                    "diff": null
                  },
                  "uuid": "a48d5819-69af-4872-a960-cb15076aa82a",
                  "parentUUID": "c2e1908a-2819-4c02-af8e-b7f2ce76fdfb",
                  "isHook": false,
                  "skipped": false
                }
              ],
              "suites": [],
              "passes": [
                "b09e7fc2-6543-4b77-9f7d-6f1d7b5cb772",
                "3003d1e5-3195-443c-a92c-4898dc76d8dc",
                "239f00c1-0958-4e40-ac12-8492a9139d47",
                "c2e16d22-9c85-4238-ab55-90438b9ff4a7",
                "589dd4b4-2882-439a-8562-33fcc669e75c",
                "c5e5aea2-5b41-4de1-b713-a56e6a04326a"
              ],
              "failures": [
                "81d74e95-0289-4117-a4c5-2cc4b819845e",
                "a48d5819-69af-4872-a960-cb15076aa82a"
              ],
              "pending": [],
              "skipped": [],
              "duration": 2199,
              "root": false,
              "rootEmpty": false,
              "_timeout": 2000
            },
            {
              "uuid": "5f553215-3c7f-4190-a2b0-5d7b3db1c979",
              "title": "4 - Crie um título com o texto \"Trybewarts\" centralizado dentro do `header`",
              "fullFile": "",
              "file": "",
              "beforeHooks": [],
              "afterHooks": [],
              "tests": [
                {
                  "title": "Existe um elemento h1 com o id \"trybewarts-header-title\" e texto \"Trybewarts",
                  "fullTitle": "Trybewarts 4 - Crie um título com o texto \"Trybewarts\" centralizado dentro do `header` Existe um elemento h1 com o id \"trybewarts-header-title\" e texto \"Trybewarts",
                  "timedOut": null,
                  "duration": 139,
                  "state": "passed",
                  "speed": "fast",
                  "pass": true,
                  "fail": false,
                  "pending": false,
                  "context": null,
                  "code": "cy.get(TRYBEWARTS_HEADER_TITLE).should('exist').and('have.text', 'Trybewarts');",
                  "err": {},
                  "uuid": "0b9679cc-7c1a-4598-b158-421464894e3d",
                  "parentUUID": "5f553215-3c7f-4190-a2b0-5d7b3db1c979",
                  "isHook": false,
                  "skipped": false
                },
                {
                  "title": "O header deve ter exatamente três elementos filhos",
                  "fullTitle": "Trybewarts 4 - Crie um título com o texto \"Trybewarts\" centralizado dentro do `header` O header deve ter exatamente três elementos filhos",
                  "timedOut": null,
                  "duration": 136,
                  "state": "passed",
                  "speed": "fast",
                  "pass": true,
                  "fail": false,
                  "pending": false,
                  "context": null,
                  "code": "cy.get(TOP_BAR_SELECTOR).children().should('have.length', 3);",
                  "err": {},
                  "uuid": "9e2f7764-170c-4415-a66d-cd4d52877bbb",
                  "parentUUID": "5f553215-3c7f-4190-a2b0-5d7b3db1c979",
                  "isHook": false,
                  "skipped": false
                },
                {
                  "title": "O filho do meio deve ser o título",
                  "fullTitle": "Trybewarts 4 - Crie um título com o texto \"Trybewarts\" centralizado dentro do `header` O filho do meio deve ser o título",
                  "timedOut": null,
                  "duration": 117,
                  "state": "passed",
                  "speed": "fast",
                  "pass": true,
                  "fail": false,
                  "pending": false,
                  "context": null,
                  "code": "cy.get(TOP_BAR_SELECTOR).children().eq(1).should('match', TRYBEWARTS_HEADER_TITLE);",
                  "err": {},
                  "uuid": "66ece73b-abba-42fe-83a1-6b9fa370f3a2",
                  "parentUUID": "5f553215-3c7f-4190-a2b0-5d7b3db1c979",
                  "isHook": false,
                  "skipped": false
                }
              ],
              "suites": [],
              "passes": [
                "0b9679cc-7c1a-4598-b158-421464894e3d",
                "9e2f7764-170c-4415-a66d-cd4d52877bbb",
                "66ece73b-abba-42fe-83a1-6b9fa370f3a2"
              ],
              "failures": [],
              "pending": [],
              "skipped": [],
              "duration": 392,
              "root": false,
              "rootEmpty": false,
              "_timeout": 2000
            },
            {
              "uuid": "f6262805-b9a0-4f81-83ae-6e30d57e53a4",
              "title": "5 - Adicione um formulário no corpo da página",
              "fullFile": "",
              "file": "",
              "beforeHooks": [],
              "afterHooks": [],
              "tests": [
                {
                  "title": "Existe um formulário com o id `evaluation-form`",
                  "fullTitle": "Trybewarts 5 - Adicione um formulário no corpo da página Existe um formulário com o id `evaluation-form`",
                  "timedOut": null,
                  "duration": 157,
                  "state": "passed",
                  "speed": "fast",
                  "pass": true,
                  "fail": false,
                  "pending": false,
                  "context": null,
                  "code": "cy.get(EVALUATION_FORM).should('exist');",
                  "err": {},
                  "uuid": "0abe0f8a-e8fe-4f72-9a77-98b70ed15f4d",
                  "parentUUID": "f6262805-b9a0-4f81-83ae-6e30d57e53a4",
                  "isHook": false,
                  "skipped": false
                },
                {
                  "title": "O formulário está inserido dentro de uma tag `main`",
                  "fullTitle": "Trybewarts 5 - Adicione um formulário no corpo da página O formulário está inserido dentro de uma tag `main`",
                  "timedOut": null,
                  "duration": 112,
                  "state": "passed",
                  "speed": "fast",
                  "pass": true,
                  "fail": false,
                  "pending": false,
                  "context": null,
                  "code": "cy.get(`main ${EVALUATION_FORM}`).should('exist');",
                  "err": {},
                  "uuid": "6b32356f-5b5d-4411-b827-87f9d192de3f",
                  "parentUUID": "f6262805-b9a0-4f81-83ae-6e30d57e53a4",
                  "isHook": false,
                  "skipped": false
                },
                {
                  "title": "O elemento main é um flex-container",
                  "fullTitle": "Trybewarts 5 - Adicione um formulário no corpo da página O elemento main é um flex-container",
                  "timedOut": null,
                  "duration": 100,
                  "state": "passed",
                  "speed": "fast",
                  "pass": true,
                  "fail": false,
                  "pending": false,
                  "context": null,
                  "code": "cy.get('main').should('have.css', 'display', 'flex');",
                  "err": {},
                  "uuid": "1c180dba-eb08-4d14-94ee-79fbaec56bc8",
                  "parentUUID": "f6262805-b9a0-4f81-83ae-6e30d57e53a4",
                  "isHook": false,
                  "skipped": false
                },
                {
                  "title": "O formulário é um flex-container",
                  "fullTitle": "Trybewarts 5 - Adicione um formulário no corpo da página O formulário é um flex-container",
                  "timedOut": null,
                  "duration": 118,
                  "state": "passed",
                  "speed": "fast",
                  "pass": true,
                  "fail": false,
                  "pending": false,
                  "context": null,
                  "code": "cy.get(EVALUATION_FORM).should('have.css', 'display', 'flex');",
                  "err": {},
                  "uuid": "a2239568-8960-49f5-bcd3-5ac256151dd7",
                  "parentUUID": "f6262805-b9a0-4f81-83ae-6e30d57e53a4",
                  "isHook": false,
                  "skipped": false
                },
                {
                  "title": "O formulário tem a largura igual a 675px",
                  "fullTitle": "Trybewarts 5 - Adicione um formulário no corpo da página O formulário tem a largura igual a 675px",
                  "timedOut": null,
                  "duration": 10119,
                  "state": "failed",
                  "speed": null,
                  "pass": false,
                  "fail": true,
                  "pending": false,
                  "context": null,
                  "code": "cy.get(EVALUATION_FORM).should('have.css', 'width', '675px');",
                  "err": {
                    "message": "AssertionError: Timed out retrying after 10000ms: expected '<form#evaluation-form>' to have CSS property 'width' with the value '675px', but the value was '595.265625px'",
                    "estack": "AssertionError: Timed out retrying after 10000ms: expected '<form#evaluation-form>' to have CSS property 'width' with the value '675px', but the value was '595.265625px'\n    at Context.eval (http://localhost:42877/__cypress/tests?p=cypress/integration/project.spec.js:203:31)",
                    "diff": "- '595.265625px'\n+ '675px'\n"
                  },
                  "uuid": "0835ea55-f08e-4a1c-b191-a086f53c4c0b",
                  "parentUUID": "f6262805-b9a0-4f81-83ae-6e30d57e53a4",
                  "isHook": false,
                  "skipped": false
                }
              ],
              "suites": [],
              "passes": [
                "0abe0f8a-e8fe-4f72-9a77-98b70ed15f4d",
                "6b32356f-5b5d-4411-b827-87f9d192de3f",
                "1c180dba-eb08-4d14-94ee-79fbaec56bc8",
                "a2239568-8960-49f5-bcd3-5ac256151dd7"
              ],
              "failures": [
                "0835ea55-f08e-4a1c-b191-a086f53c4c0b"
              ],
              "pending": [],
              "skipped": [],
              "duration": 10606,
              "root": false,
              "rootEmpty": false,
              "_timeout": 2000
            },
            {
              "uuid": "1d90b86f-bc08-4f1c-ba9b-aa887518205a",
              "title": "6 - Faça com que o formulário se estabeleça na direção vertical",
              "fullFile": "",
              "file": "",
              "beforeHooks": [],
              "afterHooks": [],
              "tests": [
                {
                  "title": "O eixo principal do formulário com id \"evaluation-form\" é vertical",
                  "fullTitle": "Trybewarts 6 - Faça com que o formulário se estabeleça na direção vertical O eixo principal do formulário com id \"evaluation-form\" é vertical",
                  "timedOut": null,
                  "duration": 134,
                  "state": "passed",
                  "speed": "fast",
                  "pass": true,
                  "fail": false,
                  "pending": false,
                  "context": null,
                  "code": "cy.get(EVALUATION_FORM).should('have.css', 'flex-direction', 'column');",
                  "err": {},
                  "uuid": "69cd14a9-17af-4c89-a853-7d39ce5247c5",
                  "parentUUID": "1d90b86f-bc08-4f1c-ba9b-aa887518205a",
                  "isHook": false,
                  "skipped": false
                }
              ],
              "suites": [],
              "passes": [
                "69cd14a9-17af-4c89-a853-7d39ce5247c5"
              ],
              "failures": [],
              "pending": [],
              "skipped": [],
              "duration": 134,
              "root": false,
              "rootEmpty": false,
              "_timeout": 2000
            },
            {
              "uuid": "e147c61f-76ba-4301-bf2d-45b33a56949c",
              "title": "7 - Adicione a logo da Trybewarts no lado direito da página",
              "fullFile": "",
              "file": "",
              "beforeHooks": [],
              "afterHooks": [],
              "tests": [
                {
                  "title": "Possui o id trybewarts-forms-logo",
                  "fullTitle": "Trybewarts 7 - Adicione a logo da Trybewarts no lado direito da página Possui o id trybewarts-forms-logo",
                  "timedOut": null,
                  "duration": 139,
                  "state": "passed",
                  "speed": "fast",
                  "pass": true,
                  "fail": false,
                  "pending": false,
                  "context": null,
                  "code": "cy.get(TRYBEWARTS_LOGO_FORMS_SELECTOR).should('exist');",
                  "err": {},
                  "uuid": "708f2d32-9589-41cf-acb8-7ba330f304b4",
                  "parentUUID": "e147c61f-76ba-4301-bf2d-45b33a56949c",
                  "isHook": false,
                  "skipped": false
                },
                {
                  "title": "O atributo `src` do logotipo aponta para `images/trybewarts-colored.svg`",
                  "fullTitle": "Trybewarts 7 - Adicione a logo da Trybewarts no lado direito da página O atributo `src` do logotipo aponta para `images/trybewarts-colored.svg`",
                  "timedOut": null,
                  "duration": 111,
                  "state": "passed",
                  "speed": "fast",
                  "pass": true,
                  "fail": false,
                  "pending": false,
                  "context": null,
                  "code": "cy.get(TRYBEWARTS_LOGO_FORMS_SELECTOR).should('have.attr', 'src').and('match', /images\\/trybewarts-colored\\.svg/);",
                  "err": {},
                  "uuid": "da0e88bc-fc4e-437e-9fd6-021f24615ce5",
                  "parentUUID": "e147c61f-76ba-4301-bf2d-45b33a56949c",
                  "isHook": false,
                  "skipped": false
                },
                {
                  "title": "A imagem deve possuir um `height` de `500px`",
                  "fullTitle": "Trybewarts 7 - Adicione a logo da Trybewarts no lado direito da página A imagem deve possuir um `height` de `500px`",
                  "timedOut": null,
                  "duration": 102,
                  "state": "passed",
                  "speed": "fast",
                  "pass": true,
                  "fail": false,
                  "pending": false,
                  "context": null,
                  "code": "cy.get(TRYBEWARTS_LOGO_FORMS_SELECTOR).should('have.css', 'height', '500px');",
                  "err": {},
                  "uuid": "ae0e1901-8b36-4934-b775-b917c24359ad",
                  "parentUUID": "e147c61f-76ba-4301-bf2d-45b33a56949c",
                  "isHook": false,
                  "skipped": false
                },
                {
                  "title": "A imagem deve estar posicionada a direita do formulário com id `evaluation-form`",
                  "fullTitle": "Trybewarts 7 - Adicione a logo da Trybewarts no lado direito da página A imagem deve estar posicionada a direita do formulário com id `evaluation-form`",
                  "timedOut": null,
                  "duration": 135,
                  "state": "passed",
                  "speed": "fast",
                  "pass": true,
                  "fail": false,
                  "pending": false,
                  "context": null,
                  "code": "cy.get(TRYBEWARTS_LOGO_FORMS_SELECTOR).should('be.rightOf', EVALUATION_FORM);",
                  "err": {},
                  "uuid": "a707b829-ad34-4425-8207-9c7cfc69ef0c",
                  "parentUUID": "e147c61f-76ba-4301-bf2d-45b33a56949c",
                  "isHook": false,
                  "skipped": false
                }
              ],
              "suites": [],
              "passes": [
                "708f2d32-9589-41cf-acb8-7ba330f304b4",
                "da0e88bc-fc4e-437e-9fd6-021f24615ce5",
                "ae0e1901-8b36-4934-b775-b917c24359ad",
                "a707b829-ad34-4425-8207-9c7cfc69ef0c"
              ],
              "failures": [],
              "pending": [],
              "skipped": [],
              "duration": 487,
              "root": false,
              "rootEmpty": false,
              "_timeout": 2000
            },
            {
              "uuid": "8a94ede3-22df-4a9e-a894-d8d904e240ff",
              "title": "8 - Acrescente inputs de `nome`, `sobrenome` e `email` ao formulário",
              "fullFile": "",
              "file": "",
              "beforeHooks": [],
              "afterHooks": [],
              "tests": [
                {
                  "title": "Existe um input com o id \"input-name\" e placeholder \"Nome\"",
                  "fullTitle": "Trybewarts 8 - Acrescente inputs de `nome`, `sobrenome` e `email` ao formulário Existe um input com o id \"input-name\" e placeholder \"Nome\"",
                  "timedOut": null,
                  "duration": 188,
                  "state": "passed",
                  "speed": "fast",
                  "pass": true,
                  "fail": false,
                  "pending": false,
                  "context": null,
                  "code": "cy.get(`input#${id}`).should('exist').and('have.attr', 'placeholder', placeholder);",
                  "err": {},
                  "uuid": "477d992c-54a0-4000-8be0-a910a54a36ff",
                  "parentUUID": "8a94ede3-22df-4a9e-a894-d8d904e240ff",
                  "isHook": false,
                  "skipped": false
                },
                {
                  "title": "Existe um input com o id \"input-lastname\" e placeholder \"Sobrenome\"",
                  "fullTitle": "Trybewarts 8 - Acrescente inputs de `nome`, `sobrenome` e `email` ao formulário Existe um input com o id \"input-lastname\" e placeholder \"Sobrenome\"",
                  "timedOut": null,
                  "duration": 125,
                  "state": "passed",
                  "speed": "fast",
                  "pass": true,
                  "fail": false,
                  "pending": false,
                  "context": null,
                  "code": "cy.get(`input#${id}`).should('exist').and('have.attr', 'placeholder', placeholder);",
                  "err": {},
                  "uuid": "d7a5e318-63e0-406f-85f6-52c6eea733ca",
                  "parentUUID": "8a94ede3-22df-4a9e-a894-d8d904e240ff",
                  "isHook": false,
                  "skipped": false
                },
                {
                  "title": "Existe um input com o id \"input-email\" e placeholder \"Email\"",
                  "fullTitle": "Trybewarts 8 - Acrescente inputs de `nome`, `sobrenome` e `email` ao formulário Existe um input com o id \"input-email\" e placeholder \"Email\"",
                  "timedOut": null,
                  "duration": 124,
                  "state": "passed",
                  "speed": "fast",
                  "pass": true,
                  "fail": false,
                  "pending": false,
                  "context": null,
                  "code": "cy.get(`input#${id}`).should('exist').and('have.attr', 'placeholder', placeholder);",
                  "err": {},
                  "uuid": "5d0d3459-b3ee-40da-aaeb-65d54730c1f1",
                  "parentUUID": "8a94ede3-22df-4a9e-a894-d8d904e240ff",
                  "isHook": false,
                  "skipped": false
                }
              ],
              "suites": [],
              "passes": [
                "477d992c-54a0-4000-8be0-a910a54a36ff",
                "d7a5e318-63e0-406f-85f6-52c6eea733ca",
                "5d0d3459-b3ee-40da-aaeb-65d54730c1f1"
              ],
              "failures": [],
              "pending": [],
              "skipped": [],
              "duration": 437,
              "root": false,
              "rootEmpty": false,
              "_timeout": 2000
            },
            {
              "uuid": "097f3669-f138-4786-8e06-05fc9e26c975",
              "title": "9 - Acrescente um `select` ao formulário com o `id` `house` contendo as opções `Gitnória`, `Reactpuff`, `Corvinode` e `Pytherina`",
              "fullFile": "",
              "file": "",
              "beforeHooks": [],
              "afterHooks": [],
              "tests": [
                {
                  "title": "Existe uma option com text e value igual a \"Gitnória\" e id igual a \"gitnoria-house\"",
                  "fullTitle": "Trybewarts 9 - Acrescente um `select` ao formulário com o `id` `house` contendo as opções `Gitnória`, `Reactpuff`, `Corvinode` e `Pytherina` Existe uma option com text e value igual a \"Gitnória\" e id igual a \"gitnoria-house\"",
                  "timedOut": null,
                  "duration": 248,
                  "state": "passed",
                  "speed": "fast",
                  "pass": true,
                  "fail": false,
                  "pending": false,
                  "context": null,
                  "code": "cy.get(`${HOUSES_SELECTOR} option#${id}`).then(option => {\n  expect(option).to.have.text(name);\n  expect(option).to.have.value(name);\n});",
                  "err": {},
                  "uuid": "9a60861c-58a4-42be-82b9-2788126a6fda",
                  "parentUUID": "097f3669-f138-4786-8e06-05fc9e26c975",
                  "isHook": false,
                  "skipped": false
                },
                {
                  "title": "Existe uma option com text e value igual a \"Reactpuff\" e id igual a \"reactpuff-house\"",
                  "fullTitle": "Trybewarts 9 - Acrescente um `select` ao formulário com o `id` `house` contendo as opções `Gitnória`, `Reactpuff`, `Corvinode` e `Pytherina` Existe uma option com text e value igual a \"Reactpuff\" e id igual a \"reactpuff-house\"",
                  "timedOut": null,
                  "duration": 141,
                  "state": "passed",
                  "speed": "fast",
                  "pass": true,
                  "fail": false,
                  "pending": false,
                  "context": null,
                  "code": "cy.get(`${HOUSES_SELECTOR} option#${id}`).then(option => {\n  expect(option).to.have.text(name);\n  expect(option).to.have.value(name);\n});",
                  "err": {},
                  "uuid": "58f577c2-9a09-4fa9-a582-12b94a013bd1",
                  "parentUUID": "097f3669-f138-4786-8e06-05fc9e26c975",
                  "isHook": false,
                  "skipped": false
                },
                {
                  "title": "Existe uma option com text e value igual a \"Corvinode\" e id igual a \"corvinode-house\"",
                  "fullTitle": "Trybewarts 9 - Acrescente um `select` ao formulário com o `id` `house` contendo as opções `Gitnória`, `Reactpuff`, `Corvinode` e `Pytherina` Existe uma option com text e value igual a \"Corvinode\" e id igual a \"corvinode-house\"",
                  "timedOut": null,
                  "duration": 106,
                  "state": "passed",
                  "speed": "fast",
                  "pass": true,
                  "fail": false,
                  "pending": false,
                  "context": null,
                  "code": "cy.get(`${HOUSES_SELECTOR} option#${id}`).then(option => {\n  expect(option).to.have.text(name);\n  expect(option).to.have.value(name);\n});",
                  "err": {},
                  "uuid": "1fbebf1f-7623-4128-ab73-79ab44d64960",
                  "parentUUID": "097f3669-f138-4786-8e06-05fc9e26c975",
                  "isHook": false,
                  "skipped": false
                },
                {
                  "title": "Existe uma option com text e value igual a \"Pytherina\" e id igual a \"pytherina-house\"",
                  "fullTitle": "Trybewarts 9 - Acrescente um `select` ao formulário com o `id` `house` contendo as opções `Gitnória`, `Reactpuff`, `Corvinode` e `Pytherina` Existe uma option com text e value igual a \"Pytherina\" e id igual a \"pytherina-house\"",
                  "timedOut": null,
                  "duration": 111,
                  "state": "passed",
                  "speed": "fast",
                  "pass": true,
                  "fail": false,
                  "pending": false,
                  "context": null,
                  "code": "cy.get(`${HOUSES_SELECTOR} option#${id}`).then(option => {\n  expect(option).to.have.text(name);\n  expect(option).to.have.value(name);\n});",
                  "err": {},
                  "uuid": "f7410259-5dbf-4cbe-931b-f1c86b56567c",
                  "parentUUID": "097f3669-f138-4786-8e06-05fc9e26c975",
                  "isHook": false,
                  "skipped": false
                }
              ],
              "suites": [],
              "passes": [
                "9a60861c-58a4-42be-82b9-2788126a6fda",
                "58f577c2-9a09-4fa9-a582-12b94a013bd1",
                "1fbebf1f-7623-4128-ab73-79ab44d64960",
                "f7410259-5dbf-4cbe-931b-f1c86b56567c"
              ],
              "failures": [],
              "pending": [],
              "skipped": [],
              "duration": 606,
              "root": false,
              "rootEmpty": false,
              "_timeout": 2000
            },
            {
              "uuid": "42f4bffd-f0fd-47f6-bb10-eef058517d5d",
              "title": "10 - Posicione os campos de `Nome` e `Sobrenome` lado a lado",
              "fullFile": "",
              "file": "",
              "beforeHooks": [],
              "afterHooks": [],
              "tests": [
                {
                  "title": "O campo de \"Sobrenome\" está a direita do campo de \"Nome\"",
                  "fullTitle": "Trybewarts 10 - Posicione os campos de `Nome` e `Sobrenome` lado a lado O campo de \"Sobrenome\" está a direita do campo de \"Nome\"",
                  "timedOut": null,
                  "duration": 113,
                  "state": "passed",
                  "speed": "fast",
                  "pass": true,
                  "fail": false,
                  "pending": false,
                  "context": null,
                  "code": "cy.get(USER_LASTNAME_INPUT_SELECTOR).should('be.rightOf', USER_NAME_INPUT_SELECTOR);",
                  "err": {},
                  "uuid": "c8bbe3df-de67-4f56-b710-f7f5d564fe38",
                  "parentUUID": "42f4bffd-f0fd-47f6-bb10-eef058517d5d",
                  "isHook": false,
                  "skipped": false
                }
              ],
              "suites": [],
              "passes": [
                "c8bbe3df-de67-4f56-b710-f7f5d564fe38"
              ],
              "failures": [],
              "pending": [],
              "skipped": [],
              "duration": 113,
              "root": false,
              "rootEmpty": false,
              "_timeout": 2000
            },
            {
              "uuid": "56c3ab0a-867d-4aec-99db-35327f8d8c1c",
              "title": "11 - Posicione os campos de `Email` e `Casa` lado a lado",
              "fullFile": "",
              "file": "",
              "beforeHooks": [],
              "afterHooks": [],
              "tests": [
                {
                  "title": "O select das casas está a direita do campo de \"Email\"",
                  "fullTitle": "Trybewarts 11 - Posicione os campos de `Email` e `Casa` lado a lado O select das casas está a direita do campo de \"Email\"",
                  "timedOut": null,
                  "duration": 116,
                  "state": "passed",
                  "speed": "fast",
                  "pass": true,
                  "fail": false,
                  "pending": false,
                  "context": null,
                  "code": "cy.get(HOUSES_SELECTOR).should('be.rightOf', USER_EMAIL_INPUT_SELECTOR);",
                  "err": {},
                  "uuid": "bffe9db0-20b2-4602-8697-363015f0015c",
                  "parentUUID": "56c3ab0a-867d-4aec-99db-35327f8d8c1c",
                  "isHook": false,
                  "skipped": false
                }
              ],
              "suites": [],
              "passes": [
                "bffe9db0-20b2-4602-8697-363015f0015c"
              ],
              "failures": [],
              "pending": [],
              "skipped": [],
              "duration": 116,
              "root": false,
              "rootEmpty": false,
              "_timeout": 2000
            },
            {
              "uuid": "75276c36-8227-4299-ac2e-af72a16e8beb",
              "title": "12 - Adicione 3 inputs do tipo `radio` ao formulário",
              "fullFile": "",
              "file": "",
              "beforeHooks": [],
              "afterHooks": [],
              "tests": [
                {
                  "title": "Um elemento com o id \"label-family\" e o texto \"Qual sua família?\" deverá ser criado",
                  "fullTitle": "Trybewarts 12 - Adicione 3 inputs do tipo `radio` ao formulário Um elemento com o id \"label-family\" e o texto \"Qual sua família?\" deverá ser criado",
                  "timedOut": null,
                  "duration": 203,
                  "state": "passed",
                  "speed": "fast",
                  "pass": true,
                  "fail": false,
                  "pending": false,
                  "context": null,
                  "code": "cy.get(`${EVALUATION_FORM} #label-family`).should('have.text', LABEL_FAMILY_TEXT);",
                  "err": {},
                  "uuid": "fda5626c-ac3d-4d78-b669-5183ab766fcf",
                  "parentUUID": "75276c36-8227-4299-ac2e-af72a16e8beb",
                  "isHook": false,
                  "skipped": false
                },
                {
                  "title": "Deverá haver um input do tipo radio, com value igual a \"Frontend\" e name igual a \"family\"",
                  "fullTitle": "Trybewarts 12 - Adicione 3 inputs do tipo `radio` ao formulário Deverá haver um input do tipo radio, com value igual a \"Frontend\" e name igual a \"family\"",
                  "timedOut": null,
                  "duration": 144,
                  "state": "passed",
                  "speed": "fast",
                  "pass": true,
                  "fail": false,
                  "pending": false,
                  "context": null,
                  "code": "cy.get(`input[value=${family}]`).should('exist').and('have.attr', 'type', 'radio').and('have.attr', 'name', 'family');",
                  "err": {},
                  "uuid": "7a3803ad-ef22-4500-b3c8-65a7017ff465",
                  "parentUUID": "75276c36-8227-4299-ac2e-af72a16e8beb",
                  "isHook": false,
                  "skipped": false
                },
                {
                  "title": "Deverá haver um input do tipo radio, com value igual a \"Backend\" e name igual a \"family\"",
                  "fullTitle": "Trybewarts 12 - Adicione 3 inputs do tipo `radio` ao formulário Deverá haver um input do tipo radio, com value igual a \"Backend\" e name igual a \"family\"",
                  "timedOut": null,
                  "duration": 121,
                  "state": "passed",
                  "speed": "fast",
                  "pass": true,
                  "fail": false,
                  "pending": false,
                  "context": null,
                  "code": "cy.get(`input[value=${family}]`).should('exist').and('have.attr', 'type', 'radio').and('have.attr', 'name', 'family');",
                  "err": {},
                  "uuid": "a736751a-1325-42bd-ab3e-d73eb3d84dc4",
                  "parentUUID": "75276c36-8227-4299-ac2e-af72a16e8beb",
                  "isHook": false,
                  "skipped": false
                },
                {
                  "title": "Deverá haver um input do tipo radio, com value igual a \"FullStack\" e name igual a \"family\"",
                  "fullTitle": "Trybewarts 12 - Adicione 3 inputs do tipo `radio` ao formulário Deverá haver um input do tipo radio, com value igual a \"FullStack\" e name igual a \"family\"",
                  "timedOut": null,
                  "duration": 106,
                  "state": "passed",
                  "speed": "fast",
                  "pass": true,
                  "fail": false,
                  "pending": false,
                  "context": null,
                  "code": "cy.get(`input[value=${family}]`).should('exist').and('have.attr', 'type', 'radio').and('have.attr', 'name', 'family');",
                  "err": {},
                  "uuid": "794c1232-9c5a-42d4-b2d6-da4c4a539bcf",
                  "parentUUID": "75276c36-8227-4299-ac2e-af72a16e8beb",
                  "isHook": false,
                  "skipped": false
                },
                {
                  "title": "Posicione os radio buttons para ficar abaixo um do outro, na sequência \"Frontend\", \"Backend\" e \"Fullstack\"",
                  "fullTitle": "Trybewarts 12 - Adicione 3 inputs do tipo `radio` ao formulário Posicione os radio buttons para ficar abaixo um do outro, na sequência \"Frontend\", \"Backend\" e \"Fullstack\"",
                  "timedOut": null,
                  "duration": 204,
                  "state": "passed",
                  "speed": "fast",
                  "pass": true,
                  "fail": false,
                  "pending": false,
                  "context": null,
                  "code": "cy.get('input[value=\"Backend\"]').should('be.below', 'input[value=\"Frontend\"]');\ncy.get('input[value=\"FullStack\"]').should('be.below', 'input[value=\"Backend\"]');",
                  "err": {},
                  "uuid": "523667ac-262e-4f7a-b466-038f3972cbed",
                  "parentUUID": "75276c36-8227-4299-ac2e-af72a16e8beb",
                  "isHook": false,
                  "skipped": false
                },
                {
                  "title": "Posicione os radio buttons abaixo do label com id \"label-family\"",
                  "fullTitle": "Trybewarts 12 - Adicione 3 inputs do tipo `radio` ao formulário Posicione os radio buttons abaixo do label com id \"label-family\"",
                  "timedOut": null,
                  "duration": 116,
                  "state": "passed",
                  "speed": "fast",
                  "pass": true,
                  "fail": false,
                  "pending": false,
                  "context": null,
                  "code": "FAMILIES.forEach(family => {\n  cy.get(`input[value=\"${family}\"]`).should('be.below', '#label-family');\n});",
                  "err": {},
                  "uuid": "67510345-a668-43be-bcae-3d6b39af548a",
                  "parentUUID": "75276c36-8227-4299-ac2e-af72a16e8beb",
                  "isHook": false,
                  "skipped": false
                }
              ],
              "suites": [],
              "passes": [
                "fda5626c-ac3d-4d78-b669-5183ab766fcf",
                "7a3803ad-ef22-4500-b3c8-65a7017ff465",
                "a736751a-1325-42bd-ab3e-d73eb3d84dc4",
                "794c1232-9c5a-42d4-b2d6-da4c4a539bcf",
                "523667ac-262e-4f7a-b466-038f3972cbed",
                "67510345-a668-43be-bcae-3d6b39af548a"
              ],
              "failures": [],
              "pending": [],
              "skipped": [],
              "duration": 894,
              "root": false,
              "rootEmpty": false,
              "_timeout": 2000
            },
            {
              "uuid": "205b6049-5bf9-4a31-81b0-269f4240799b",
              "title": "13 - Crie 6 inputs do tipo `checkbox`",
              "fullFile": "",
              "file": "",
              "beforeHooks": [],
              "afterHooks": [],
              "tests": [
                {
                  "title": "Existe um elemento com o id \"label-content\" e o texto \"Qual conteúdo você está com mais vontade de aprender?\"",
                  "fullTitle": "Trybewarts 13 - Crie 6 inputs do tipo `checkbox` Existe um elemento com o id \"label-content\" e o texto \"Qual conteúdo você está com mais vontade de aprender?\"",
                  "timedOut": null,
                  "duration": 120,
                  "state": "passed",
                  "speed": "fast",
                  "pass": true,
                  "fail": false,
                  "pending": false,
                  "context": null,
                  "code": "cy.get('#label-content').contains(LABEL_CONTENT_TEXT);",
                  "err": {},
                  "uuid": "7609b38e-528d-485a-9d25-a4ea61581f79",
                  "parentUUID": "205b6049-5bf9-4a31-81b0-269f4240799b",
                  "isHook": false,
                  "skipped": false
                },
                {
                  "title": "Existe uma checkbox com a classe \"subject\" e value igual a HoFs",
                  "fullTitle": "Trybewarts 13 - Crie 6 inputs do tipo `checkbox` Existe uma checkbox com a classe \"subject\" e value igual a HoFs",
                  "timedOut": null,
                  "duration": 124,
                  "state": "passed",
                  "speed": "fast",
                  "pass": true,
                  "fail": false,
                  "pending": false,
                  "context": null,
                  "code": "cy.get(`${EVALUATION_FORM} input[value=${checkbox}]`).should('exist').and('have.class', 'subject');",
                  "err": {},
                  "uuid": "79b6dc93-209d-4b2e-bce6-33cd42e56955",
                  "parentUUID": "205b6049-5bf9-4a31-81b0-269f4240799b",
                  "isHook": false,
                  "skipped": false
                },
                {
                  "title": "Existe uma checkbox com a classe \"subject\" e value igual a Jest",
                  "fullTitle": "Trybewarts 13 - Crie 6 inputs do tipo `checkbox` Existe uma checkbox com a classe \"subject\" e value igual a Jest",
                  "timedOut": null,
                  "duration": 106,
                  "state": "passed",
                  "speed": "fast",
                  "pass": true,
                  "fail": false,
                  "pending": false,
                  "context": null,
                  "code": "cy.get(`${EVALUATION_FORM} input[value=${checkbox}]`).should('exist').and('have.class', 'subject');",
                  "err": {},
                  "uuid": "b34d716d-8773-4439-9fdd-ae8fb1cd74b0",
                  "parentUUID": "205b6049-5bf9-4a31-81b0-269f4240799b",
                  "isHook": false,
                  "skipped": false
                },
                {
                  "title": "Existe uma checkbox com a classe \"subject\" e value igual a Promises",
                  "fullTitle": "Trybewarts 13 - Crie 6 inputs do tipo `checkbox` Existe uma checkbox com a classe \"subject\" e value igual a Promises",
                  "timedOut": null,
                  "duration": 112,
                  "state": "passed",
                  "speed": "fast",
                  "pass": true,
                  "fail": false,
                  "pending": false,
                  "context": null,
                  "code": "cy.get(`${EVALUATION_FORM} input[value=${checkbox}]`).should('exist').and('have.class', 'subject');",
                  "err": {},
                  "uuid": "fc48b7f4-080e-40a2-a247-65748ec400fd",
                  "parentUUID": "205b6049-5bf9-4a31-81b0-269f4240799b",
                  "isHook": false,
                  "skipped": false
                },
                {
                  "title": "Existe uma checkbox com a classe \"subject\" e value igual a React",
                  "fullTitle": "Trybewarts 13 - Crie 6 inputs do tipo `checkbox` Existe uma checkbox com a classe \"subject\" e value igual a React",
                  "timedOut": null,
                  "duration": 142,
                  "state": "passed",
                  "speed": "fast",
                  "pass": true,
                  "fail": false,
                  "pending": false,
                  "context": null,
                  "code": "cy.get(`${EVALUATION_FORM} input[value=${checkbox}]`).should('exist').and('have.class', 'subject');",
                  "err": {},
                  "uuid": "a4cfcb4a-e197-4627-a417-db9a51c18761",
                  "parentUUID": "205b6049-5bf9-4a31-81b0-269f4240799b",
                  "isHook": false,
                  "skipped": false
                },
                {
                  "title": "Existe uma checkbox com a classe \"subject\" e value igual a SQL",
                  "fullTitle": "Trybewarts 13 - Crie 6 inputs do tipo `checkbox` Existe uma checkbox com a classe \"subject\" e value igual a SQL",
                  "timedOut": null,
                  "duration": 114,
                  "state": "passed",
                  "speed": "fast",
                  "pass": true,
                  "fail": false,
                  "pending": false,
                  "context": null,
                  "code": "cy.get(`${EVALUATION_FORM} input[value=${checkbox}]`).should('exist').and('have.class', 'subject');",
                  "err": {},
                  "uuid": "51a218be-21b1-41c3-bfbb-4110d10cb3c2",
                  "parentUUID": "205b6049-5bf9-4a31-81b0-269f4240799b",
                  "isHook": false,
                  "skipped": false
                },
                {
                  "title": "Existe uma checkbox com a classe \"subject\" e value igual a Python",
                  "fullTitle": "Trybewarts 13 - Crie 6 inputs do tipo `checkbox` Existe uma checkbox com a classe \"subject\" e value igual a Python",
                  "timedOut": null,
                  "duration": 113,
                  "state": "passed",
                  "speed": "fast",
                  "pass": true,
                  "fail": false,
                  "pending": false,
                  "context": null,
                  "code": "cy.get(`${EVALUATION_FORM} input[value=${checkbox}]`).should('exist').and('have.class', 'subject');",
                  "err": {},
                  "uuid": "d72f4dd7-4545-4362-8ffb-92f2ff38c744",
                  "parentUUID": "205b6049-5bf9-4a31-81b0-269f4240799b",
                  "isHook": false,
                  "skipped": false
                },
                {
                  "title": "As checkboxes estão posicionadas abaixo do label com id \"label-content\"",
                  "fullTitle": "Trybewarts 13 - Crie 6 inputs do tipo `checkbox` As checkboxes estão posicionadas abaixo do label com id \"label-content\"",
                  "timedOut": null,
                  "duration": 130,
                  "state": "passed",
                  "speed": "fast",
                  "pass": true,
                  "fail": false,
                  "pending": false,
                  "context": null,
                  "code": "CHECKBOXES.forEach(checkbox => {\n  cy.get(`${EVALUATION_FORM} input[value=${checkbox}]`).should('be.below', `${EVALUATION_FORM} #label-content`);\n});",
                  "err": {},
                  "uuid": "ed40af35-783e-4a67-923c-e44785aacf5a",
                  "parentUUID": "205b6049-5bf9-4a31-81b0-269f4240799b",
                  "isHook": false,
                  "skipped": false
                }
              ],
              "suites": [],
              "passes": [
                "7609b38e-528d-485a-9d25-a4ea61581f79",
                "79b6dc93-209d-4b2e-bce6-33cd42e56955",
                "b34d716d-8773-4439-9fdd-ae8fb1cd74b0",
                "fc48b7f4-080e-40a2-a247-65748ec400fd",
                "a4cfcb4a-e197-4627-a417-db9a51c18761",
                "51a218be-21b1-41c3-bfbb-4110d10cb3c2",
                "d72f4dd7-4545-4362-8ffb-92f2ff38c744",
                "ed40af35-783e-4a67-923c-e44785aacf5a"
              ],
              "failures": [],
              "pending": [],
              "skipped": [],
              "duration": 961,
              "root": false,
              "rootEmpty": false,
              "_timeout": 2000
            },
            {
              "uuid": "2aa0a1eb-7aaa-4672-a71e-866b3ac00b88",
              "title": "14 - Crie um campo de entrada para avaliar de 1 a 10 o nível de satisfação com a Trybewarts",
              "fullFile": "",
              "file": "",
              "beforeHooks": [],
              "afterHooks": [],
              "tests": [
                {
                  "title": "Um elemento com o id label-rate e o texto \"Como você avalia a Trybewarts?\" deverá ser criado",
                  "fullTitle": "Trybewarts 14 - Crie um campo de entrada para avaliar de 1 a 10 o nível de satisfação com a Trybewarts Um elemento com o id label-rate e o texto \"Como você avalia a Trybewarts?\" deverá ser criado",
                  "timedOut": null,
                  "duration": 124,
                  "state": "passed",
                  "speed": "fast",
                  "pass": true,
                  "fail": false,
                  "pending": false,
                  "context": null,
                  "code": "cy.get('#label-rate').contains(LABEL_RATE_TEXT);",
                  "err": {},
                  "uuid": "214d44e3-e981-4e5c-84d8-e5e674a16852",
                  "parentUUID": "2aa0a1eb-7aaa-4672-a71e-866b3ac00b88",
                  "isHook": false,
                  "skipped": false
                },
                {
                  "title": "O campo deve ser formado por dez radio buttons, contendo as opções de 1 a 10",
                  "fullTitle": "Trybewarts 14 - Crie um campo de entrada para avaliar de 1 a 10 o nível de satisfação com a Trybewarts O campo deve ser formado por dez radio buttons, contendo as opções de 1 a 10",
                  "timedOut": null,
                  "duration": 114,
                  "state": "passed",
                  "speed": "fast",
                  "pass": true,
                  "fail": false,
                  "pending": false,
                  "context": null,
                  "code": "cy.get('input[name=\"rate\"]').its('length').should('be.gt', 9);",
                  "err": {},
                  "uuid": "6cf8a618-49ab-42c6-8bbc-c178a17aaa5f",
                  "parentUUID": "2aa0a1eb-7aaa-4672-a71e-866b3ac00b88",
                  "isHook": false,
                  "skipped": false
                }
              ],
              "suites": [],
              "passes": [
                "214d44e3-e981-4e5c-84d8-e5e674a16852",
                "6cf8a618-49ab-42c6-8bbc-c178a17aaa5f"
              ],
              "failures": [],
              "pending": [],
              "skipped": [],
              "duration": 238,
              "root": false,
              "rootEmpty": false,
              "_timeout": 2000
            },
            {
              "uuid": "b7eab63d-b75e-415c-8448-e9f98bf581d4",
              "title": "15 - Crie um elemento `textarea`, de `id` `textarea` e número máximo de 500 caracteres",
              "fullFile": "",
              "file": "",
              "beforeHooks": [],
              "afterHooks": [],
              "tests": [
                {
                  "title": "Uma label com a classe textarea e o texto \"Deixe seu comentário:\" deverá ser criado\" ",
                  "fullTitle": "Trybewarts 15 - Crie um elemento `textarea`, de `id` `textarea` e número máximo de 500 caracteres Uma label com a classe textarea e o texto \"Deixe seu comentário:\" deverá ser criado\" ",
                  "timedOut": null,
                  "duration": 125,
                  "state": "passed",
                  "speed": "fast",
                  "pass": true,
                  "fail": false,
                  "pending": false,
                  "context": null,
                  "code": "cy.get('.textarea').contains(LABEL_TEXTAREA);",
                  "err": {},
                  "uuid": "6f1cfdc9-1c1c-44ef-b6a6-a54417f21bc3",
                  "parentUUID": "b7eab63d-b75e-415c-8448-e9f98bf581d4",
                  "isHook": false,
                  "skipped": false
                },
                {
                  "title": "O campo textarea deverá ter o máximo de 500 caracteres",
                  "fullTitle": "Trybewarts 15 - Crie um elemento `textarea`, de `id` `textarea` e número máximo de 500 caracteres O campo textarea deverá ter o máximo de 500 caracteres",
                  "timedOut": null,
                  "duration": 10433,
                  "state": "passed",
                  "speed": "slow",
                  "pass": true,
                  "fail": false,
                  "pending": false,
                  "context": null,
                  "code": "cy.get('textarea').type('text'.repeat(200));\ncy.get('textarea').invoke('val').should(value => {\n  expect(value).to.match(/^[a-z]{500}$/);\n});",
                  "err": {},
                  "uuid": "c80a1ab8-fec1-453f-a9ee-3dddd6ead727",
                  "parentUUID": "b7eab63d-b75e-415c-8448-e9f98bf581d4",
                  "isHook": false,
                  "skipped": false
                }
              ],
              "suites": [],
              "passes": [
                "6f1cfdc9-1c1c-44ef-b6a6-a54417f21bc3",
                "c80a1ab8-fec1-453f-a9ee-3dddd6ead727"
              ],
              "failures": [],
              "pending": [],
              "skipped": [],
              "duration": 10558,
              "root": false,
              "rootEmpty": false,
              "_timeout": 2000
            },
            {
              "uuid": "cb05e7e5-d7f8-4c63-b5af-c8533576ae3f",
              "title": "16 - Crie um elemento `checkbox` para validar as informações digitadas pela pessoa usuária",
              "fullFile": "",
              "file": "",
              "beforeHooks": [],
              "afterHooks": [],
              "tests": [
                {
                  "title": "Uma label com o id \"label-infos\" deve possuir o texto \"Você concorda com o uso das informações acima?\"",
                  "fullTitle": "Trybewarts 16 - Crie um elemento `checkbox` para validar as informações digitadas pela pessoa usuária Uma label com o id \"label-infos\" deve possuir o texto \"Você concorda com o uso das informações acima?\"",
                  "timedOut": null,
                  "duration": 125,
                  "state": "passed",
                  "speed": "fast",
                  "pass": true,
                  "fail": false,
                  "pending": false,
                  "context": null,
                  "code": "cy.get('label#label-infos').should('exist').contains('Você concorda com o uso das informações acima?');",
                  "err": {},
                  "uuid": "ebf20672-9e57-4d36-8aca-67299c5fcc3b",
                  "parentUUID": "cb05e7e5-d7f8-4c63-b5af-c8533576ae3f",
                  "isHook": false,
                  "skipped": false
                },
                {
                  "title": "Um input do tipo checkbox deve existir e deve possuir o id \"agreement\"",
                  "fullTitle": "Trybewarts 16 - Crie um elemento `checkbox` para validar as informações digitadas pela pessoa usuária Um input do tipo checkbox deve existir e deve possuir o id \"agreement\"",
                  "timedOut": null,
                  "duration": 95,
                  "state": "passed",
                  "speed": "fast",
                  "pass": true,
                  "fail": false,
                  "pending": false,
                  "context": null,
                  "code": "cy.get('input#agreement[type=\"checkbox\"]').should('exist');",
                  "err": {},
                  "uuid": "eafdde81-2d3a-4255-bace-1bdf11e7d5be",
                  "parentUUID": "cb05e7e5-d7f8-4c63-b5af-c8533576ae3f",
                  "isHook": false,
                  "skipped": false
                }
              ],
              "suites": [],
              "passes": [
                "ebf20672-9e57-4d36-8aca-67299c5fcc3b",
                "eafdde81-2d3a-4255-bace-1bdf11e7d5be"
              ],
              "failures": [],
              "pending": [],
              "skipped": [],
              "duration": 220,
              "root": false,
              "rootEmpty": false,
              "_timeout": 2000
            },
            {
              "uuid": "eb820188-5a65-4aac-8a97-82cea7bc5b16",
              "title": "17 - Crie um botão de \"Enviar\" para submeter o formulário",
              "fullFile": "",
              "file": "",
              "beforeHooks": [],
              "afterHooks": [],
              "tests": [
                {
                  "title": "Deve existir um botão com o id \"submit-btn\" e o texto \"Enviar\"",
                  "fullTitle": "Trybewarts 17 - Crie um botão de \"Enviar\" para submeter o formulário Deve existir um botão com o id \"submit-btn\" e o texto \"Enviar\"",
                  "timedOut": null,
                  "duration": 130,
                  "state": "passed",
                  "speed": "fast",
                  "pass": true,
                  "fail": false,
                  "pending": false,
                  "context": null,
                  "code": "cy.get('button#submit-btn[type=\"submit\"]').should('exist').should('have.text', 'Enviar');",
                  "err": {},
                  "uuid": "8a82a945-ecde-4415-9993-9c6afc361b75",
                  "parentUUID": "eb820188-5a65-4aac-8a97-82cea7bc5b16",
                  "isHook": false,
                  "skipped": false
                }
              ],
              "suites": [],
              "passes": [
                "8a82a945-ecde-4415-9993-9c6afc361b75"
              ],
              "failures": [],
              "pending": [],
              "skipped": [],
              "duration": 130,
              "root": false,
              "rootEmpty": false,
              "_timeout": 2000
            },
            {
              "uuid": "e09285b3-1266-40ee-ad8d-da1dbf490c14",
              "title": "18 - Habilite o botão \"Enviar\" após a validação do `checkbox`",
              "fullFile": "",
              "file": "",
              "beforeHooks": [],
              "afterHooks": [],
              "tests": [
                {
                  "title": "O botão deve inicialmente estar desabilitado",
                  "fullTitle": "Trybewarts 18 - Habilite o botão \"Enviar\" após a validação do `checkbox` O botão deve inicialmente estar desabilitado",
                  "timedOut": null,
                  "duration": 115,
                  "state": "passed",
                  "speed": "fast",
                  "pass": true,
                  "fail": false,
                  "pending": false,
                  "context": null,
                  "code": "cy.get('button#submit-btn').should('be.disabled');",
                  "err": {},
                  "uuid": "bde321f9-60c8-460d-9da6-bd13b4e4ce80",
                  "parentUUID": "e09285b3-1266-40ee-ad8d-da1dbf490c14",
                  "isHook": false,
                  "skipped": false
                },
                {
                  "title": "Ao marcar o campo de confirmação, o botão de Enviar deve ser habilitado",
                  "fullTitle": "Trybewarts 18 - Habilite o botão \"Enviar\" após a validação do `checkbox` Ao marcar o campo de confirmação, o botão de Enviar deve ser habilitado",
                  "timedOut": null,
                  "duration": 305,
                  "state": "passed",
                  "speed": "fast",
                  "pass": true,
                  "fail": false,
                  "pending": false,
                  "context": null,
                  "code": "cy.get('input#agreement').check();\ncy.get('button#submit-btn').should('not.be.disabled');",
                  "err": {},
                  "uuid": "1f8f128e-756e-4bd8-99f8-3bfc09475a34",
                  "parentUUID": "e09285b3-1266-40ee-ad8d-da1dbf490c14",
                  "isHook": false,
                  "skipped": false
                }
              ],
              "suites": [],
              "passes": [
                "bde321f9-60c8-460d-9da6-bd13b4e4ce80",
                "1f8f128e-756e-4bd8-99f8-3bfc09475a34"
              ],
              "failures": [],
              "pending": [],
              "skipped": [],
              "duration": 420,
              "root": false,
              "rootEmpty": false,
              "_timeout": 2000
            },
            {
              "uuid": "472e37b4-d27c-4605-b1a2-28cb36855d77",
              "title": "19 - Crie um rodapé ao final da página",
              "fullFile": "",
              "file": "",
              "beforeHooks": [],
              "afterHooks": [],
              "tests": [
                {
                  "title": "O rodapé deve conter o texto \"Direitos reservados à Trybewarts©\"",
                  "fullTitle": "Trybewarts 19 - Crie um rodapé ao final da página O rodapé deve conter o texto \"Direitos reservados à Trybewarts©\"",
                  "timedOut": null,
                  "duration": 241,
                  "state": "passed",
                  "speed": "fast",
                  "pass": true,
                  "fail": false,
                  "pending": false,
                  "context": null,
                  "code": "cy.get('footer').should('exist').contains('Direitos reservados à Trybewarts©');",
                  "err": {},
                  "uuid": "a3a43e1c-775f-4cf2-9331-7bf3a98109e1",
                  "parentUUID": "472e37b4-d27c-4605-b1a2-28cb36855d77",
                  "isHook": false,
                  "skipped": false
                }
              ],
              "suites": [],
              "passes": [
                "a3a43e1c-775f-4cf2-9331-7bf3a98109e1"
              ],
              "failures": [],
              "pending": [],
              "skipped": [],
              "duration": 241,
              "root": false,
              "rootEmpty": false,
              "_timeout": 2000
            },
            {
              "uuid": "0432394f-e654-4b3d-ada9-cc4d5a99d160",
              "title": "20 - Crie um contador de caracteres de `id` `counter` que será decrementado de 500 a 0, à medida que algo vai sendo digitado na textarea",
              "fullFile": "",
              "file": "",
              "beforeHooks": [],
              "afterHooks": [],
              "tests": [
                {
                  "title": "Deve existir um contador com o ID \"counter\"",
                  "fullTitle": "Trybewarts 20 - Crie um contador de caracteres de `id` `counter` que será decrementado de 500 a 0, à medida que algo vai sendo digitado na textarea Deve existir um contador com o ID \"counter\"",
                  "timedOut": null,
                  "duration": 10126,
                  "state": "failed",
                  "speed": null,
                  "pass": false,
                  "fail": true,
                  "pending": false,
                  "context": null,
                  "code": "cy.get('#counter').should('exist');",
                  "err": {
                    "message": "AssertionError: Timed out retrying after 10000ms: Expected to find element: `#counter`, but never found it.",
                    "estack": "AssertionError: Timed out retrying after 10000ms: Expected to find element: `#counter`, but never found it.\n    at Context.eval (http://localhost:42877/__cypress/tests?p=cypress/integration/project.spec.js:366:26)",
                    "diff": null
                  },
                  "uuid": "7560e7c0-2403-49e0-97a7-741c5d5e5541",
                  "parentUUID": "0432394f-e654-4b3d-ada9-cc4d5a99d160",
                  "isHook": false,
                  "skipped": false
                },
                {
                  "title": "O contador de caracteres deve ser atualizado conforme o conteúdo do textarea muda.",
                  "fullTitle": "Trybewarts 20 - Crie um contador de caracteres de `id` `counter` que será decrementado de 500 a 0, à medida que algo vai sendo digitado na textarea O contador de caracteres deve ser atualizado conforme o conteúdo do textarea muda.",
                  "timedOut": null,
                  "duration": 10143,
                  "state": "failed",
                  "speed": null,
                  "pass": false,
                  "fail": true,
                  "pending": false,
                  "context": null,
                  "code": "cy.get('#counter').contains('500');\ncy.get('#textarea').type('Salve salve família');\ncy.get('#counter').contains('481');\ncy.get('#textarea').clear();\ncy.get('#counter').should('contain', '500');\ncy.get('#textarea').type('Salve salve');\ncy.get('#counter').should('contain', '489');",
                  "err": {
                    "message": "AssertionError: Timed out retrying after 10000ms: Expected to find element: `#counter`, but never found it.",
                    "estack": "AssertionError: Timed out retrying after 10000ms: Expected to find element: `#counter`, but never found it.\n    at Context.eval (http://localhost:42877/__cypress/tests?p=cypress/integration/project.spec.js:369:10)",
                    "diff": null
                  },
                  "uuid": "1a6cbe2c-d69d-4a21-b713-d0fab5626953",
                  "parentUUID": "0432394f-e654-4b3d-ada9-cc4d5a99d160",
                  "isHook": false,
                  "skipped": false
                }
              ],
              "suites": [],
              "passes": [],
              "failures": [
                "7560e7c0-2403-49e0-97a7-741c5d5e5541",
                "1a6cbe2c-d69d-4a21-b713-d0fab5626953"
              ],
              "pending": [],
              "skipped": [],
              "duration": 20269,
              "root": false,
              "rootEmpty": false,
              "_timeout": 2000
            },
            {
              "uuid": "c1e44560-ce09-46e1-aac2-0274fa21da99",
              "title": "21 - Substitua o formulário pelas informações da pessoa estudante",
              "fullFile": "",
              "file": "",
              "beforeHooks": [],
              "afterHooks": [],
              "tests": [
                {
                  "title": "Deve haver um texto no modelo \"Nome: John Doe\" (substitua John Doe pelo nome e sobrenome preenchido no formulário)",
                  "fullTitle": "Trybewarts 21 - Substitua o formulário pelas informações da pessoa estudante Deve haver um texto no modelo \"Nome: John Doe\" (substitua John Doe pelo nome e sobrenome preenchido no formulário)",
                  "timedOut": null,
                  "duration": 11506,
                  "state": "failed",
                  "speed": null,
                  "pass": false,
                  "fail": true,
                  "pending": false,
                  "context": null,
                  "code": "cy.get('#form-data').contains(`Nome: ${firstName} ${lastName}`);",
                  "err": {
                    "message": "AssertionError: Timed out retrying after 10000ms: Expected to find element: `#textarea`, but never found it.\n\nBecause this error occurred during a `before each` hook we are skipping the remaining tests in the current suite: `21 - Substitua o formulário...`",
                    "estack": "AssertionError: Timed out retrying after 10000ms: Expected to find element: `#textarea`, but never found it.\n\nBecause this error occurred during a `before each` hook we are skipping the remaining tests in the current suite: `21 - Substitua o formulário...`\n    at fillForm (http://localhost:42877/__cypress/tests?p=cypress/integration/project.spec.js:422:10)\n    at Context.eval (http://localhost:42877/__cypress/tests?p=cypress/integration/project.spec.js:428:7)",
                    "diff": null
                  },
                  "uuid": "9b4149fa-8926-4151-9cc7-2390d4953496",
                  "parentUUID": "c1e44560-ce09-46e1-aac2-0274fa21da99",
                  "isHook": false,
                  "skipped": false
                },
                {
                  "title": "Deve haver um texto no modelo \"Email: alguem@email.com\"",
                  "fullTitle": "Trybewarts 21 - Substitua o formulário pelas informações da pessoa estudante Deve haver um texto no modelo \"Email: alguem@email.com\"",
                  "timedOut": null,
                  "duration": 0,
                  "state": "skipped",
                  "speed": null,
                  "pass": false,
                  "fail": false,
                  "pending": false,
                  "context": null,
                  "code": "cy.get('#form-data').contains(`Email: ${email}`);",
                  "err": {},
                  "uuid": "45ab7ee7-eaee-471f-8d81-6293c84f7ad6",
                  "parentUUID": "c1e44560-ce09-46e1-aac2-0274fa21da99",
                  "isHook": false,
                  "skipped": true
                },
                {
                  "title": "Deve haver um texto no modelo \"Casa: -Casa marcada-\"",
                  "fullTitle": "Trybewarts 21 - Substitua o formulário pelas informações da pessoa estudante Deve haver um texto no modelo \"Casa: -Casa marcada-\"",
                  "timedOut": null,
                  "duration": 0,
                  "state": "skipped",
                  "speed": null,
                  "pass": false,
                  "fail": false,
                  "pending": false,
                  "context": null,
                  "code": "cy.get('#form-data').contains(`Casa: ${house}`);",
                  "err": {},
                  "uuid": "f1cdbccb-31b7-4ce6-8aeb-61d8cf252234",
                  "parentUUID": "c1e44560-ce09-46e1-aac2-0274fa21da99",
                  "isHook": false,
                  "skipped": true
                },
                {
                  "title": "Deve haver um texto no modelo \"Família: -Família marcada-\"",
                  "fullTitle": "Trybewarts 21 - Substitua o formulário pelas informações da pessoa estudante Deve haver um texto no modelo \"Família: -Família marcada-\"",
                  "timedOut": null,
                  "duration": 0,
                  "state": "skipped",
                  "speed": null,
                  "pass": false,
                  "fail": false,
                  "pending": false,
                  "context": null,
                  "code": "cy.get('#form-data').contains(`Família: ${family}`);",
                  "err": {},
                  "uuid": "3d91c402-dbcc-448c-b4d9-9377de2d4725",
                  "parentUUID": "c1e44560-ce09-46e1-aac2-0274fa21da99",
                  "isHook": false,
                  "skipped": true
                },
                {
                  "title": "Deve haver um texto no modelo \"Matérias: -Matérias marcadas-\"",
                  "fullTitle": "Trybewarts 21 - Substitua o formulário pelas informações da pessoa estudante Deve haver um texto no modelo \"Matérias: -Matérias marcadas-\"",
                  "timedOut": null,
                  "duration": 0,
                  "state": "skipped",
                  "speed": null,
                  "pass": false,
                  "fail": false,
                  "pending": false,
                  "context": null,
                  "code": "cy.get('#form-data').contains('Matérias: Jest, React, SQL');",
                  "err": {},
                  "uuid": "3288c055-4e7a-4353-8d3f-5a1d87c971a2",
                  "parentUUID": "c1e44560-ce09-46e1-aac2-0274fa21da99",
                  "isHook": false,
                  "skipped": true
                },
                {
                  "title": "Deve haver um texto no modelo \"Avaliação: -Nota marcada-\"",
                  "fullTitle": "Trybewarts 21 - Substitua o formulário pelas informações da pessoa estudante Deve haver um texto no modelo \"Avaliação: -Nota marcada-\"",
                  "timedOut": null,
                  "duration": 0,
                  "state": "skipped",
                  "speed": null,
                  "pass": false,
                  "fail": false,
                  "pending": false,
                  "context": null,
                  "code": "cy.get('#form-data').contains(`Avaliação: ${rate}`);",
                  "err": {},
                  "uuid": "9091e038-f2b0-43a4-a795-9be6a4adca74",
                  "parentUUID": "c1e44560-ce09-46e1-aac2-0274fa21da99",
                  "isHook": false,
                  "skipped": true
                },
                {
                  "title": "Deve haver um texto no modelo \"Observações: -Texto preenchido-\"",
                  "fullTitle": "Trybewarts 21 - Substitua o formulário pelas informações da pessoa estudante Deve haver um texto no modelo \"Observações: -Texto preenchido-\"",
                  "timedOut": null,
                  "duration": 0,
                  "state": "skipped",
                  "speed": null,
                  "pass": false,
                  "fail": false,
                  "pending": false,
                  "context": null,
                  "code": "cy.get('#form-data').contains(`Observações: ${observation}`);",
                  "err": {},
                  "uuid": "4bb432ef-ec55-42b8-85fa-badb261627da",
                  "parentUUID": "c1e44560-ce09-46e1-aac2-0274fa21da99",
                  "isHook": false,
                  "skipped": true
                },
                {
                  "title": "Ao enviar as informações, o formulário deve ser substituído pelas informações da pessoa usuária",
                  "fullTitle": "Trybewarts 21 - Substitua o formulário pelas informações da pessoa estudante Ao enviar as informações, o formulário deve ser substituído pelas informações da pessoa usuária",
                  "timedOut": null,
                  "duration": 0,
                  "state": "skipped",
                  "speed": null,
                  "pass": false,
                  "fail": false,
                  "pending": false,
                  "context": null,
                  "code": "cy.get('#evaluation-form').should('not.be.visible');",
                  "err": {},
                  "uuid": "65d3684a-c00f-45f2-8b29-de1eed7ff262",
                  "parentUUID": "c1e44560-ce09-46e1-aac2-0274fa21da99",
                  "isHook": false,
                  "skipped": true
                }
              ],
              "suites": [],
              "passes": [],
              "failures": [
                "9b4149fa-8926-4151-9cc7-2390d4953496"
              ],
              "pending": [],
              "skipped": [
                "45ab7ee7-eaee-471f-8d81-6293c84f7ad6",
                "f1cdbccb-31b7-4ce6-8aeb-61d8cf252234",
                "3d91c402-dbcc-448c-b4d9-9377de2d4725",
                "3288c055-4e7a-4353-8d3f-5a1d87c971a2",
                "9091e038-f2b0-43a4-a795-9be6a4adca74",
                "4bb432ef-ec55-42b8-85fa-badb261627da",
                "65d3684a-c00f-45f2-8b29-de1eed7ff262"
              ],
              "duration": 11506,
              "root": false,
              "rootEmpty": false,
              "_timeout": 2000
            }
          ],
          "passes": [],
          "failures": [],
          "pending": [],
          "skipped": [],
          "duration": 0,
          "root": false,
          "rootEmpty": false,
          "_timeout": 2000
        }
      ],
      "passes": [],
      "failures": [],
      "pending": [],
      "skipped": [],
      "duration": 0,
      "root": true,
      "rootEmpty": true,
      "_timeout": 2000
    }
  ],
  "meta": {
    "mocha": {
      "version": "7.0.1"
    },
    "mochawesome": {
      "options": {
        "quiet": false,
        "reportFilename": "mochawesome",
        "saveHtml": false,
        "saveJson": true,
        "consoleReporter": "spec",
        "useInlineDiffs": false,
        "code": true
      },
      "version": "6.2.2"
    },
    "marge": {
      "options": {
        "id": "default",
        "reportDir": "cypress/reports",
        "overwrite": false,
        "html": false,
        "json": true
      },
      "version": "5.2.0"
    }
  }
}