{
  "stats": {
    "suites": 22,
    "tests": 62,
    "passes": 58,
    "pending": 0,
    "failures": 4,
    "start": "2023-04-28T19:45:25.474Z",
    "end": "2023-04-28T19:46:28.779Z",
    "duration": 63305,
    "testsRegistered": 69,
    "passPercent": 84.05797101449275,
    "pendingPercent": 0,
    "other": 0,
    "hasOther": false,
    "skipped": 7,
    "hasSkipped": true
  },
  "results": [
    {
      "uuid": "c7101906-4576-4d72-8b1e-7ba18eec4964",
      "title": "",
      "fullFile": "cypress/integration/project.spec.js",
      "file": "cypress/integration/project.spec.js",
      "beforeHooks": [],
      "afterHooks": [],
      "tests": [],
      "suites": [
        {
          "uuid": "2880b139-aa6f-40c2-84e8-6921456f5f2e",
          "title": "Trybewarts",
          "fullFile": "",
          "file": "",
          "beforeHooks": [],
          "afterHooks": [],
          "tests": [],
          "suites": [
            {
              "uuid": "26d590aa-8d15-4fff-91ec-5863aed7296d",
              "title": "1 - Crie uma barra verde na parte superior da página",
              "fullFile": "",
              "file": "",
              "beforeHooks": [],
              "afterHooks": [],
              "tests": [
                {
                  "title": "A barra possui a classe `header`",
                  "fullTitle": "Trybewarts 1 - Crie uma barra verde na parte superior da página A barra possui a classe `header`",
                  "timedOut": null,
                  "duration": 372,
                  "state": "passed",
                  "speed": "fast",
                  "pass": true,
                  "fail": false,
                  "pending": false,
                  "context": null,
                  "code": "cy.get(TOP_BAR_SELECTOR).should('exist');",
                  "err": {},
                  "uuid": "02ddd750-d26e-4cf2-bac9-546c41e8de1d",
                  "parentUUID": "26d590aa-8d15-4fff-91ec-5863aed7296d",
                  "isHook": false,
                  "skipped": false
                },
                {
                  "title": "A classe `header` deve determinar que o elemento é um flex container",
                  "fullTitle": "Trybewarts 1 - Crie uma barra verde na parte superior da página A classe `header` deve determinar que o elemento é um flex container",
                  "timedOut": null,
                  "duration": 149,
                  "state": "passed",
                  "speed": "fast",
                  "pass": true,
                  "fail": false,
                  "pending": false,
                  "context": null,
                  "code": "cy.get(TOP_BAR_SELECTOR).should('have.css', 'display', 'flex');",
                  "err": {},
                  "uuid": "87c08999-11bf-45de-aad7-e48d068f9f06",
                  "parentUUID": "26d590aa-8d15-4fff-91ec-5863aed7296d",
                  "isHook": false,
                  "skipped": false
                },
                {
                  "title": "A classe header deve possuir a propriedade `background-color: rgb(50, 167, 145)`",
                  "fullTitle": "Trybewarts 1 - Crie uma barra verde na parte superior da página A classe header deve possuir a propriedade `background-color: rgb(50, 167, 145)`",
                  "timedOut": null,
                  "duration": 170,
                  "state": "passed",
                  "speed": "fast",
                  "pass": true,
                  "fail": false,
                  "pending": false,
                  "context": null,
                  "code": "cy.get(TOP_BAR_SELECTOR).should('have.css', 'background-color', 'rgb(50, 167, 145)');",
                  "err": {},
                  "uuid": "2edd33b4-f386-421b-af15-e61421cbb03b",
                  "parentUUID": "26d590aa-8d15-4fff-91ec-5863aed7296d",
                  "isHook": false,
                  "skipped": false
                }
              ],
              "suites": [],
              "passes": [
                "02ddd750-d26e-4cf2-bac9-546c41e8de1d",
                "87c08999-11bf-45de-aad7-e48d068f9f06",
                "2edd33b4-f386-421b-af15-e61421cbb03b"
              ],
              "failures": [],
              "pending": [],
              "skipped": [],
              "duration": 691,
              "root": false,
              "rootEmpty": false,
              "_timeout": 2000
            },
            {
              "uuid": "aed49663-489e-42c4-baf8-55b6502254e5",
              "title": "2 - Adicione o logotipo da Trybewarts",
              "fullFile": "",
              "file": "",
              "beforeHooks": [],
              "afterHooks": [],
              "tests": [
                {
                  "title": "Existe um elemento img com a classe `trybewarts-header-logo`",
                  "fullTitle": "Trybewarts 2 - Adicione o logotipo da Trybewarts Existe um elemento img com a classe `trybewarts-header-logo`",
                  "timedOut": null,
                  "duration": 200,
                  "state": "passed",
                  "speed": "fast",
                  "pass": true,
                  "fail": false,
                  "pending": false,
                  "context": null,
                  "code": "cy.get(TRYBEWARTS_LOGO_SELECTOR).should('exist');",
                  "err": {},
                  "uuid": "bb4f6bde-e74c-492c-837c-526f257f94c6",
                  "parentUUID": "aed49663-489e-42c4-baf8-55b6502254e5",
                  "isHook": false,
                  "skipped": false
                },
                {
                  "title": "O atributo src do logotipo aponta para images/trybewarts-header-logo.svg",
                  "fullTitle": "Trybewarts 2 - Adicione o logotipo da Trybewarts O atributo src do logotipo aponta para images/trybewarts-header-logo.svg",
                  "timedOut": null,
                  "duration": 137,
                  "state": "passed",
                  "speed": "fast",
                  "pass": true,
                  "fail": false,
                  "pending": false,
                  "context": null,
                  "code": "cy.get(TRYBEWARTS_LOGO_SELECTOR).should('have.attr', 'src').and('match', /images\\/trybewarts-header-logo\\.svg/);",
                  "err": {},
                  "uuid": "9bca4f1f-8c08-427c-99bf-8d692c2c1901",
                  "parentUUID": "aed49663-489e-42c4-baf8-55b6502254e5",
                  "isHook": false,
                  "skipped": false
                }
              ],
              "suites": [],
              "passes": [
                "bb4f6bde-e74c-492c-837c-526f257f94c6",
                "9bca4f1f-8c08-427c-99bf-8d692c2c1901"
              ],
              "failures": [],
              "pending": [],
              "skipped": [],
              "duration": 337,
              "root": false,
              "rootEmpty": false,
              "_timeout": 2000
            },
            {
              "uuid": "319325ba-3f1d-4823-88dd-85e6ab963ce3",
              "title": "3 - Acrescente um formulário de login dentro do `header`, do lado direito",
              "fullFile": "",
              "file": "",
              "beforeHooks": [],
              "afterHooks": [],
              "tests": [
                {
                  "title": "Existe um formulário com a classe \"trybewarts-login\"",
                  "fullTitle": "Trybewarts 3 - Acrescente um formulário de login dentro do `header`, do lado direito Existe um formulário com a classe \"trybewarts-login\"",
                  "timedOut": null,
                  "duration": 221,
                  "state": "passed",
                  "speed": "fast",
                  "pass": true,
                  "fail": false,
                  "pending": false,
                  "context": null,
                  "code": "cy.get(TRYBEWARTS_LOGIN_FORM_SELECTOR).should('exist');",
                  "err": {},
                  "uuid": "bd618ec3-3c3e-4de3-a956-df47e4232f07",
                  "parentUUID": "319325ba-3f1d-4823-88dd-85e6ab963ce3",
                  "isHook": false,
                  "skipped": false
                },
                {
                  "title": "Existe um input com o atributo name igual a \"email\" e o placeholder igual a \"Email\"",
                  "fullTitle": "Trybewarts 3 - Acrescente um formulário de login dentro do `header`, do lado direito Existe um input com o atributo name igual a \"email\" e o placeholder igual a \"Email\"",
                  "timedOut": null,
                  "duration": 128,
                  "state": "passed",
                  "speed": "fast",
                  "pass": true,
                  "fail": false,
                  "pending": false,
                  "context": null,
                  "code": "cy.get(`${TRYBEWARTS_LOGIN_FORM_SELECTOR} input[name=email]`).should('have.attr', 'placeholder').and('match', /Email/);",
                  "err": {},
                  "uuid": "25169afb-bc5d-447e-9d3d-110f1e0a7bef",
                  "parentUUID": "319325ba-3f1d-4823-88dd-85e6ab963ce3",
                  "isHook": false,
                  "skipped": false
                },
                {
                  "title": "Existe um input com o atributo name igual a \"password\" e o placeholder igual a \"Senha\"",
                  "fullTitle": "Trybewarts 3 - Acrescente um formulário de login dentro do `header`, do lado direito Existe um input com o atributo name igual a \"password\" e o placeholder igual a \"Senha\"",
                  "timedOut": null,
                  "duration": 154,
                  "state": "passed",
                  "speed": "fast",
                  "pass": true,
                  "fail": false,
                  "pending": false,
                  "context": null,
                  "code": "cy.get(`${TRYBEWARTS_LOGIN_FORM_SELECTOR} input[name=password]`).should('have.attr', 'placeholder').and('match', /Senha/);",
                  "err": {},
                  "uuid": "074b2d33-63e7-4e88-b6c7-134181214b39",
                  "parentUUID": "319325ba-3f1d-4823-88dd-85e6ab963ce3",
                  "isHook": false,
                  "skipped": false
                },
                {
                  "title": "Existe um botão que contém o texto \"Entrar\"",
                  "fullTitle": "Trybewarts 3 - Acrescente um formulário de login dentro do `header`, do lado direito Existe um botão que contém o texto \"Entrar\"",
                  "timedOut": null,
                  "duration": 97,
                  "state": "passed",
                  "speed": "fast",
                  "pass": true,
                  "fail": false,
                  "pending": false,
                  "context": null,
                  "code": "cy.get(`${TRYBEWARTS_LOGIN_FORM_SELECTOR} button`).should('have.text', 'Entrar');",
                  "err": {},
                  "uuid": "45f8a41b-7ace-4cdd-b39e-d807423e075a",
                  "parentUUID": "319325ba-3f1d-4823-88dd-85e6ab963ce3",
                  "isHook": false,
                  "skipped": false
                },
                {
                  "title": "O formulário é um flex container",
                  "fullTitle": "Trybewarts 3 - Acrescente um formulário de login dentro do `header`, do lado direito O formulário é um flex container",
                  "timedOut": null,
                  "duration": 95,
                  "state": "passed",
                  "speed": "fast",
                  "pass": true,
                  "fail": false,
                  "pending": false,
                  "context": null,
                  "code": "cy.get(TRYBEWARTS_LOGIN_FORM_SELECTOR).should('have.css', 'display', 'flex');",
                  "err": {},
                  "uuid": "b05ec902-add4-4b08-857a-c28627690e87",
                  "parentUUID": "319325ba-3f1d-4823-88dd-85e6ab963ce3",
                  "isHook": false,
                  "skipped": false
                },
                {
                  "title": "O formulário deve estar a direita da logo",
                  "fullTitle": "Trybewarts 3 - Acrescente um formulário de login dentro do `header`, do lado direito O formulário deve estar a direita da logo",
                  "timedOut": null,
                  "duration": 184,
                  "state": "passed",
                  "speed": "fast",
                  "pass": true,
                  "fail": false,
                  "pending": false,
                  "context": null,
                  "code": "cy.get(TRYBEWARTS_LOGIN_FORM_SELECTOR).should('be.rightOf', TRYBEWARTS_LOGO_SELECTOR);",
                  "err": {},
                  "uuid": "af2f3803-93d3-4c86-84c1-b80141f42920",
                  "parentUUID": "319325ba-3f1d-4823-88dd-85e6ab963ce3",
                  "isHook": false,
                  "skipped": false
                },
                {
                  "title": "Ao clicar no botão com login ou senha válidos, emite um alerta contendo o texto \"Olá, Tryber!\"",
                  "fullTitle": "Trybewarts 3 - Acrescente um formulário de login dentro do `header`, do lado direito Ao clicar no botão com login ou senha válidos, emite um alerta contendo o texto \"Olá, Tryber!\"",
                  "timedOut": null,
                  "duration": 1009,
                  "state": "passed",
                  "speed": "fast",
                  "pass": true,
                  "fail": false,
                  "pending": false,
                  "context": null,
                  "code": "const stub = cy.stub();\ncy.on('window:alert', stub);\ncy.get(`${TRYBEWARTS_LOGIN_FORM_SELECTOR} input[name=email]`).type('tryber@teste.com');\ncy.get(`${TRYBEWARTS_LOGIN_FORM_SELECTOR} input[name=password]`).type('123456');\ncy.get(`${TRYBEWARTS_LOGIN_FORM_SELECTOR} button`).click().then(() => {\n  expect(stub.getCall(0)).to.be.calledWith('Olá, Tryber!');\n});",
                  "err": {},
                  "uuid": "aae41905-5987-421f-a640-0cfa50d37a20",
                  "parentUUID": "319325ba-3f1d-4823-88dd-85e6ab963ce3",
                  "isHook": false,
                  "skipped": false
                },
                {
                  "title": "Ao clicar no botão com email ou senha inválidos, emite um alerta contendo o texto \"Email ou senha inválidos.\"",
                  "fullTitle": "Trybewarts 3 - Acrescente um formulário de login dentro do `header`, do lado direito Ao clicar no botão com email ou senha inválidos, emite um alerta contendo o texto \"Email ou senha inválidos.\"",
                  "timedOut": null,
                  "duration": 201,
                  "state": "passed",
                  "speed": "fast",
                  "pass": true,
                  "fail": false,
                  "pending": false,
                  "context": null,
                  "code": "const stub = cy.stub();\ncy.on('window:alert', stub);\ncy.get(`${TRYBEWARTS_LOGIN_FORM_SELECTOR} button`).click().then(() => {\n  expect(stub.getCall(0)).to.be.calledWith('Email ou senha inválidos.');\n});",
                  "err": {},
                  "uuid": "517f6352-7d54-4bf1-84aa-3ffdac94aa0f",
                  "parentUUID": "319325ba-3f1d-4823-88dd-85e6ab963ce3",
                  "isHook": false,
                  "skipped": false
                }
              ],
              "suites": [],
              "passes": [
                "bd618ec3-3c3e-4de3-a956-df47e4232f07",
                "25169afb-bc5d-447e-9d3d-110f1e0a7bef",
                "074b2d33-63e7-4e88-b6c7-134181214b39",
                "45f8a41b-7ace-4cdd-b39e-d807423e075a",
                "b05ec902-add4-4b08-857a-c28627690e87",
                "af2f3803-93d3-4c86-84c1-b80141f42920",
                "aae41905-5987-421f-a640-0cfa50d37a20",
                "517f6352-7d54-4bf1-84aa-3ffdac94aa0f"
              ],
              "failures": [],
              "pending": [],
              "skipped": [],
              "duration": 2089,
              "root": false,
              "rootEmpty": false,
              "_timeout": 2000
            },
            {
              "uuid": "011155c2-f838-4020-9825-31346b6a31da",
              "title": "4 - Crie um título com o texto \"Trybewarts\" centralizado dentro do `header`",
              "fullFile": "",
              "file": "",
              "beforeHooks": [],
              "afterHooks": [],
              "tests": [
                {
                  "title": "Existe um elemento h1 com o id \"trybewarts-header-title\" e texto \"Trybewarts",
                  "fullTitle": "Trybewarts 4 - Crie um título com o texto \"Trybewarts\" centralizado dentro do `header` Existe um elemento h1 com o id \"trybewarts-header-title\" e texto \"Trybewarts",
                  "timedOut": null,
                  "duration": 153,
                  "state": "passed",
                  "speed": "fast",
                  "pass": true,
                  "fail": false,
                  "pending": false,
                  "context": null,
                  "code": "cy.get(TRYBEWARTS_HEADER_TITLE).should('exist').and('have.text', 'Trybewarts');",
                  "err": {},
                  "uuid": "f81daab7-8230-4c73-bd45-b17c7e89c1c6",
                  "parentUUID": "011155c2-f838-4020-9825-31346b6a31da",
                  "isHook": false,
                  "skipped": false
                },
                {
                  "title": "O header deve ter exatamente três elementos filhos",
                  "fullTitle": "Trybewarts 4 - Crie um título com o texto \"Trybewarts\" centralizado dentro do `header` O header deve ter exatamente três elementos filhos",
                  "timedOut": null,
                  "duration": 129,
                  "state": "passed",
                  "speed": "fast",
                  "pass": true,
                  "fail": false,
                  "pending": false,
                  "context": null,
                  "code": "cy.get(TOP_BAR_SELECTOR).children().should('have.length', 3);",
                  "err": {},
                  "uuid": "f10e5a03-5c03-40d5-8795-00fbd5dd6f52",
                  "parentUUID": "011155c2-f838-4020-9825-31346b6a31da",
                  "isHook": false,
                  "skipped": false
                },
                {
                  "title": "O filho do meio deve ser o título",
                  "fullTitle": "Trybewarts 4 - Crie um título com o texto \"Trybewarts\" centralizado dentro do `header` O filho do meio deve ser o título",
                  "timedOut": null,
                  "duration": 124,
                  "state": "passed",
                  "speed": "fast",
                  "pass": true,
                  "fail": false,
                  "pending": false,
                  "context": null,
                  "code": "cy.get(TOP_BAR_SELECTOR).children().eq(1).should('match', TRYBEWARTS_HEADER_TITLE);",
                  "err": {},
                  "uuid": "7e0aa956-73a0-4ef3-9ccb-5ae8bc6df2e6",
                  "parentUUID": "011155c2-f838-4020-9825-31346b6a31da",
                  "isHook": false,
                  "skipped": false
                }
              ],
              "suites": [],
              "passes": [
                "f81daab7-8230-4c73-bd45-b17c7e89c1c6",
                "f10e5a03-5c03-40d5-8795-00fbd5dd6f52",
                "7e0aa956-73a0-4ef3-9ccb-5ae8bc6df2e6"
              ],
              "failures": [],
              "pending": [],
              "skipped": [],
              "duration": 406,
              "root": false,
              "rootEmpty": false,
              "_timeout": 2000
            },
            {
              "uuid": "8a534437-1bb7-49ae-99e2-fcaf683c54c5",
              "title": "5 - Adicione um formulário no corpo da página",
              "fullFile": "",
              "file": "",
              "beforeHooks": [],
              "afterHooks": [],
              "tests": [
                {
                  "title": "Existe um formulário com o id `evaluation-form`",
                  "fullTitle": "Trybewarts 5 - Adicione um formulário no corpo da página Existe um formulário com o id `evaluation-form`",
                  "timedOut": null,
                  "duration": 214,
                  "state": "passed",
                  "speed": "fast",
                  "pass": true,
                  "fail": false,
                  "pending": false,
                  "context": null,
                  "code": "cy.get(EVALUATION_FORM).should('exist');",
                  "err": {},
                  "uuid": "92ffaec3-9b3a-4429-8c62-7eb6bf9bc1ca",
                  "parentUUID": "8a534437-1bb7-49ae-99e2-fcaf683c54c5",
                  "isHook": false,
                  "skipped": false
                },
                {
                  "title": "O formulário está inserido dentro de uma tag `main`",
                  "fullTitle": "Trybewarts 5 - Adicione um formulário no corpo da página O formulário está inserido dentro de uma tag `main`",
                  "timedOut": null,
                  "duration": 114,
                  "state": "passed",
                  "speed": "fast",
                  "pass": true,
                  "fail": false,
                  "pending": false,
                  "context": null,
                  "code": "cy.get(`main ${EVALUATION_FORM}`).should('exist');",
                  "err": {},
                  "uuid": "fdc9b226-0dc0-4508-b71f-314651f26971",
                  "parentUUID": "8a534437-1bb7-49ae-99e2-fcaf683c54c5",
                  "isHook": false,
                  "skipped": false
                },
                {
                  "title": "O elemento main é um flex-container",
                  "fullTitle": "Trybewarts 5 - Adicione um formulário no corpo da página O elemento main é um flex-container",
                  "timedOut": null,
                  "duration": 227,
                  "state": "passed",
                  "speed": "fast",
                  "pass": true,
                  "fail": false,
                  "pending": false,
                  "context": null,
                  "code": "cy.get('main').should('have.css', 'display', 'flex');",
                  "err": {},
                  "uuid": "ff5023ad-4b23-4746-99dc-5b056b450e15",
                  "parentUUID": "8a534437-1bb7-49ae-99e2-fcaf683c54c5",
                  "isHook": false,
                  "skipped": false
                },
                {
                  "title": "O formulário é um flex-container",
                  "fullTitle": "Trybewarts 5 - Adicione um formulário no corpo da página O formulário é um flex-container",
                  "timedOut": null,
                  "duration": 143,
                  "state": "passed",
                  "speed": "fast",
                  "pass": true,
                  "fail": false,
                  "pending": false,
                  "context": null,
                  "code": "cy.get(EVALUATION_FORM).should('have.css', 'display', 'flex');",
                  "err": {},
                  "uuid": "488b56b0-b9ff-4e1f-b1cf-b220633dbdf1",
                  "parentUUID": "8a534437-1bb7-49ae-99e2-fcaf683c54c5",
                  "isHook": false,
                  "skipped": false
                },
                {
                  "title": "O formulário tem a largura igual a 675px",
                  "fullTitle": "Trybewarts 5 - Adicione um formulário no corpo da página O formulário tem a largura igual a 675px",
                  "timedOut": null,
                  "duration": 10122,
                  "state": "failed",
                  "speed": null,
                  "pass": false,
                  "fail": true,
                  "pending": false,
                  "context": null,
                  "code": "cy.get(EVALUATION_FORM).should('have.css', 'width', '675px');",
                  "err": {
                    "message": "AssertionError: Timed out retrying after 10000ms: expected '<form#evaluation-form>' to have CSS property 'width' with the value '675px', but the value was '595.265625px'",
                    "estack": "AssertionError: Timed out retrying after 10000ms: expected '<form#evaluation-form>' to have CSS property 'width' with the value '675px', but the value was '595.265625px'\n    at Context.eval (http://localhost:40259/__cypress/tests?p=cypress/integration/project.spec.js:203:31)",
                    "diff": "- '595.265625px'\n+ '675px'\n"
                  },
                  "uuid": "b8ff42e1-d564-4673-bf5d-d045d542cfb8",
                  "parentUUID": "8a534437-1bb7-49ae-99e2-fcaf683c54c5",
                  "isHook": false,
                  "skipped": false
                }
              ],
              "suites": [],
              "passes": [
                "92ffaec3-9b3a-4429-8c62-7eb6bf9bc1ca",
                "fdc9b226-0dc0-4508-b71f-314651f26971",
                "ff5023ad-4b23-4746-99dc-5b056b450e15",
                "488b56b0-b9ff-4e1f-b1cf-b220633dbdf1"
              ],
              "failures": [
                "b8ff42e1-d564-4673-bf5d-d045d542cfb8"
              ],
              "pending": [],
              "skipped": [],
              "duration": 10820,
              "root": false,
              "rootEmpty": false,
              "_timeout": 2000
            },
            {
              "uuid": "3038b99b-ac0f-4192-a32d-953d1c0f771a",
              "title": "6 - Faça com que o formulário se estabeleça na direção vertical",
              "fullFile": "",
              "file": "",
              "beforeHooks": [],
              "afterHooks": [],
              "tests": [
                {
                  "title": "O eixo principal do formulário com id \"evaluation-form\" é vertical",
                  "fullTitle": "Trybewarts 6 - Faça com que o formulário se estabeleça na direção vertical O eixo principal do formulário com id \"evaluation-form\" é vertical",
                  "timedOut": null,
                  "duration": 111,
                  "state": "passed",
                  "speed": "fast",
                  "pass": true,
                  "fail": false,
                  "pending": false,
                  "context": null,
                  "code": "cy.get(EVALUATION_FORM).should('have.css', 'flex-direction', 'column');",
                  "err": {},
                  "uuid": "7332abc3-89a1-431f-8400-ebda2714e036",
                  "parentUUID": "3038b99b-ac0f-4192-a32d-953d1c0f771a",
                  "isHook": false,
                  "skipped": false
                }
              ],
              "suites": [],
              "passes": [
                "7332abc3-89a1-431f-8400-ebda2714e036"
              ],
              "failures": [],
              "pending": [],
              "skipped": [],
              "duration": 111,
              "root": false,
              "rootEmpty": false,
              "_timeout": 2000
            },
            {
              "uuid": "615c38f4-47b1-48e6-a4f0-c89eece8aa8f",
              "title": "7 - Adicione a logo da Trybewarts no lado direito da página",
              "fullFile": "",
              "file": "",
              "beforeHooks": [],
              "afterHooks": [],
              "tests": [
                {
                  "title": "Possui o id trybewarts-forms-logo",
                  "fullTitle": "Trybewarts 7 - Adicione a logo da Trybewarts no lado direito da página Possui o id trybewarts-forms-logo",
                  "timedOut": null,
                  "duration": 109,
                  "state": "passed",
                  "speed": "fast",
                  "pass": true,
                  "fail": false,
                  "pending": false,
                  "context": null,
                  "code": "cy.get(TRYBEWARTS_LOGO_FORMS_SELECTOR).should('exist');",
                  "err": {},
                  "uuid": "0a902b7c-8408-409e-a04f-11cda53cf98d",
                  "parentUUID": "615c38f4-47b1-48e6-a4f0-c89eece8aa8f",
                  "isHook": false,
                  "skipped": false
                },
                {
                  "title": "O atributo `src` do logotipo aponta para `images/trybewarts-colored.svg`",
                  "fullTitle": "Trybewarts 7 - Adicione a logo da Trybewarts no lado direito da página O atributo `src` do logotipo aponta para `images/trybewarts-colored.svg`",
                  "timedOut": null,
                  "duration": 104,
                  "state": "passed",
                  "speed": "fast",
                  "pass": true,
                  "fail": false,
                  "pending": false,
                  "context": null,
                  "code": "cy.get(TRYBEWARTS_LOGO_FORMS_SELECTOR).should('have.attr', 'src').and('match', /images\\/trybewarts-colored\\.svg/);",
                  "err": {},
                  "uuid": "b78645de-1af4-4fa4-9c8d-f5fc7b7a7b56",
                  "parentUUID": "615c38f4-47b1-48e6-a4f0-c89eece8aa8f",
                  "isHook": false,
                  "skipped": false
                },
                {
                  "title": "A imagem deve possuir um `height` de `500px`",
                  "fullTitle": "Trybewarts 7 - Adicione a logo da Trybewarts no lado direito da página A imagem deve possuir um `height` de `500px`",
                  "timedOut": null,
                  "duration": 83,
                  "state": "passed",
                  "speed": "fast",
                  "pass": true,
                  "fail": false,
                  "pending": false,
                  "context": null,
                  "code": "cy.get(TRYBEWARTS_LOGO_FORMS_SELECTOR).should('have.css', 'height', '500px');",
                  "err": {},
                  "uuid": "5f058b98-80d0-41a8-99b1-47012e444707",
                  "parentUUID": "615c38f4-47b1-48e6-a4f0-c89eece8aa8f",
                  "isHook": false,
                  "skipped": false
                },
                {
                  "title": "A imagem deve estar posicionada a direita do formulário com id `evaluation-form`",
                  "fullTitle": "Trybewarts 7 - Adicione a logo da Trybewarts no lado direito da página A imagem deve estar posicionada a direita do formulário com id `evaluation-form`",
                  "timedOut": null,
                  "duration": 114,
                  "state": "passed",
                  "speed": "fast",
                  "pass": true,
                  "fail": false,
                  "pending": false,
                  "context": null,
                  "code": "cy.get(TRYBEWARTS_LOGO_FORMS_SELECTOR).should('be.rightOf', EVALUATION_FORM);",
                  "err": {},
                  "uuid": "60cc1ddd-eb09-496c-a6ad-9c64125692fe",
                  "parentUUID": "615c38f4-47b1-48e6-a4f0-c89eece8aa8f",
                  "isHook": false,
                  "skipped": false
                }
              ],
              "suites": [],
              "passes": [
                "0a902b7c-8408-409e-a04f-11cda53cf98d",
                "b78645de-1af4-4fa4-9c8d-f5fc7b7a7b56",
                "5f058b98-80d0-41a8-99b1-47012e444707",
                "60cc1ddd-eb09-496c-a6ad-9c64125692fe"
              ],
              "failures": [],
              "pending": [],
              "skipped": [],
              "duration": 410,
              "root": false,
              "rootEmpty": false,
              "_timeout": 2000
            },
            {
              "uuid": "83261d3f-c853-459d-be45-900f7c61fb25",
              "title": "8 - Acrescente inputs de `nome`, `sobrenome` e `email` ao formulário",
              "fullFile": "",
              "file": "",
              "beforeHooks": [],
              "afterHooks": [],
              "tests": [
                {
                  "title": "Existe um input com o id \"input-name\" e placeholder \"Nome\"",
                  "fullTitle": "Trybewarts 8 - Acrescente inputs de `nome`, `sobrenome` e `email` ao formulário Existe um input com o id \"input-name\" e placeholder \"Nome\"",
                  "timedOut": null,
                  "duration": 125,
                  "state": "passed",
                  "speed": "fast",
                  "pass": true,
                  "fail": false,
                  "pending": false,
                  "context": null,
                  "code": "cy.get(`input#${id}`).should('exist').and('have.attr', 'placeholder', placeholder);",
                  "err": {},
                  "uuid": "88d2313f-aa1b-4144-a49f-685f5fcb1612",
                  "parentUUID": "83261d3f-c853-459d-be45-900f7c61fb25",
                  "isHook": false,
                  "skipped": false
                },
                {
                  "title": "Existe um input com o id \"input-lastname\" e placeholder \"Sobrenome\"",
                  "fullTitle": "Trybewarts 8 - Acrescente inputs de `nome`, `sobrenome` e `email` ao formulário Existe um input com o id \"input-lastname\" e placeholder \"Sobrenome\"",
                  "timedOut": null,
                  "duration": 124,
                  "state": "passed",
                  "speed": "fast",
                  "pass": true,
                  "fail": false,
                  "pending": false,
                  "context": null,
                  "code": "cy.get(`input#${id}`).should('exist').and('have.attr', 'placeholder', placeholder);",
                  "err": {},
                  "uuid": "d3933efc-bfb8-40a9-b328-a696c21cbab0",
                  "parentUUID": "83261d3f-c853-459d-be45-900f7c61fb25",
                  "isHook": false,
                  "skipped": false
                },
                {
                  "title": "Existe um input com o id \"input-email\" e placeholder \"Email\"",
                  "fullTitle": "Trybewarts 8 - Acrescente inputs de `nome`, `sobrenome` e `email` ao formulário Existe um input com o id \"input-email\" e placeholder \"Email\"",
                  "timedOut": null,
                  "duration": 95,
                  "state": "passed",
                  "speed": "fast",
                  "pass": true,
                  "fail": false,
                  "pending": false,
                  "context": null,
                  "code": "cy.get(`input#${id}`).should('exist').and('have.attr', 'placeholder', placeholder);",
                  "err": {},
                  "uuid": "104ba779-ce92-43a6-913b-a53839b73450",
                  "parentUUID": "83261d3f-c853-459d-be45-900f7c61fb25",
                  "isHook": false,
                  "skipped": false
                }
              ],
              "suites": [],
              "passes": [
                "88d2313f-aa1b-4144-a49f-685f5fcb1612",
                "d3933efc-bfb8-40a9-b328-a696c21cbab0",
                "104ba779-ce92-43a6-913b-a53839b73450"
              ],
              "failures": [],
              "pending": [],
              "skipped": [],
              "duration": 344,
              "root": false,
              "rootEmpty": false,
              "_timeout": 2000
            },
            {
              "uuid": "de2b7ec8-51e1-41c4-a5cd-17b65d75a42f",
              "title": "9 - Acrescente um `select` ao formulário com o `id` `house` contendo as opções `Gitnória`, `Reactpuff`, `Corvinode` e `Pytherina`",
              "fullFile": "",
              "file": "",
              "beforeHooks": [],
              "afterHooks": [],
              "tests": [
                {
                  "title": "Existe uma option com text e value igual a \"Gitnória\" e id igual a \"gitnoria-house\"",
                  "fullTitle": "Trybewarts 9 - Acrescente um `select` ao formulário com o `id` `house` contendo as opções `Gitnória`, `Reactpuff`, `Corvinode` e `Pytherina` Existe uma option com text e value igual a \"Gitnória\" e id igual a \"gitnoria-house\"",
                  "timedOut": null,
                  "duration": 103,
                  "state": "passed",
                  "speed": "fast",
                  "pass": true,
                  "fail": false,
                  "pending": false,
                  "context": null,
                  "code": "cy.get(`${HOUSES_SELECTOR} option#${id}`).then(option => {\n  expect(option).to.have.text(name);\n  expect(option).to.have.value(name);\n});",
                  "err": {},
                  "uuid": "3e56a849-5336-4af2-bbac-9271d3a34130",
                  "parentUUID": "de2b7ec8-51e1-41c4-a5cd-17b65d75a42f",
                  "isHook": false,
                  "skipped": false
                },
                {
                  "title": "Existe uma option com text e value igual a \"Reactpuff\" e id igual a \"reactpuff-house\"",
                  "fullTitle": "Trybewarts 9 - Acrescente um `select` ao formulário com o `id` `house` contendo as opções `Gitnória`, `Reactpuff`, `Corvinode` e `Pytherina` Existe uma option com text e value igual a \"Reactpuff\" e id igual a \"reactpuff-house\"",
                  "timedOut": null,
                  "duration": 117,
                  "state": "passed",
                  "speed": "fast",
                  "pass": true,
                  "fail": false,
                  "pending": false,
                  "context": null,
                  "code": "cy.get(`${HOUSES_SELECTOR} option#${id}`).then(option => {\n  expect(option).to.have.text(name);\n  expect(option).to.have.value(name);\n});",
                  "err": {},
                  "uuid": "8cfc64d1-f172-4e70-b76c-d629d08cb963",
                  "parentUUID": "de2b7ec8-51e1-41c4-a5cd-17b65d75a42f",
                  "isHook": false,
                  "skipped": false
                },
                {
                  "title": "Existe uma option com text e value igual a \"Corvinode\" e id igual a \"corvinode-house\"",
                  "fullTitle": "Trybewarts 9 - Acrescente um `select` ao formulário com o `id` `house` contendo as opções `Gitnória`, `Reactpuff`, `Corvinode` e `Pytherina` Existe uma option com text e value igual a \"Corvinode\" e id igual a \"corvinode-house\"",
                  "timedOut": null,
                  "duration": 146,
                  "state": "passed",
                  "speed": "fast",
                  "pass": true,
                  "fail": false,
                  "pending": false,
                  "context": null,
                  "code": "cy.get(`${HOUSES_SELECTOR} option#${id}`).then(option => {\n  expect(option).to.have.text(name);\n  expect(option).to.have.value(name);\n});",
                  "err": {},
                  "uuid": "c263968c-0a6d-4533-80bc-7102474c7f14",
                  "parentUUID": "de2b7ec8-51e1-41c4-a5cd-17b65d75a42f",
                  "isHook": false,
                  "skipped": false
                },
                {
                  "title": "Existe uma option com text e value igual a \"Pytherina\" e id igual a \"pytherina-house\"",
                  "fullTitle": "Trybewarts 9 - Acrescente um `select` ao formulário com o `id` `house` contendo as opções `Gitnória`, `Reactpuff`, `Corvinode` e `Pytherina` Existe uma option com text e value igual a \"Pytherina\" e id igual a \"pytherina-house\"",
                  "timedOut": null,
                  "duration": 137,
                  "state": "passed",
                  "speed": "fast",
                  "pass": true,
                  "fail": false,
                  "pending": false,
                  "context": null,
                  "code": "cy.get(`${HOUSES_SELECTOR} option#${id}`).then(option => {\n  expect(option).to.have.text(name);\n  expect(option).to.have.value(name);\n});",
                  "err": {},
                  "uuid": "7204e962-6475-4075-8427-ef7ffa361376",
                  "parentUUID": "de2b7ec8-51e1-41c4-a5cd-17b65d75a42f",
                  "isHook": false,
                  "skipped": false
                }
              ],
              "suites": [],
              "passes": [
                "3e56a849-5336-4af2-bbac-9271d3a34130",
                "8cfc64d1-f172-4e70-b76c-d629d08cb963",
                "c263968c-0a6d-4533-80bc-7102474c7f14",
                "7204e962-6475-4075-8427-ef7ffa361376"
              ],
              "failures": [],
              "pending": [],
              "skipped": [],
              "duration": 503,
              "root": false,
              "rootEmpty": false,
              "_timeout": 2000
            },
            {
              "uuid": "6057b8d3-102f-462a-96d2-5f3db1b2b1d8",
              "title": "10 - Posicione os campos de `Nome` e `Sobrenome` lado a lado",
              "fullFile": "",
              "file": "",
              "beforeHooks": [],
              "afterHooks": [],
              "tests": [
                {
                  "title": "O campo de \"Sobrenome\" está a direita do campo de \"Nome\"",
                  "fullTitle": "Trybewarts 10 - Posicione os campos de `Nome` e `Sobrenome` lado a lado O campo de \"Sobrenome\" está a direita do campo de \"Nome\"",
                  "timedOut": null,
                  "duration": 116,
                  "state": "passed",
                  "speed": "fast",
                  "pass": true,
                  "fail": false,
                  "pending": false,
                  "context": null,
                  "code": "cy.get(USER_LASTNAME_INPUT_SELECTOR).should('be.rightOf', USER_NAME_INPUT_SELECTOR);",
                  "err": {},
                  "uuid": "0a8c373b-e129-4780-bdbc-1ab4a77d297e",
                  "parentUUID": "6057b8d3-102f-462a-96d2-5f3db1b2b1d8",
                  "isHook": false,
                  "skipped": false
                }
              ],
              "suites": [],
              "passes": [
                "0a8c373b-e129-4780-bdbc-1ab4a77d297e"
              ],
              "failures": [],
              "pending": [],
              "skipped": [],
              "duration": 116,
              "root": false,
              "rootEmpty": false,
              "_timeout": 2000
            },
            {
              "uuid": "a0830b61-a1e1-4f81-970f-c3a5a2fa1638",
              "title": "11 - Posicione os campos de `Email` e `Casa` lado a lado",
              "fullFile": "",
              "file": "",
              "beforeHooks": [],
              "afterHooks": [],
              "tests": [
                {
                  "title": "O select das casas está a direita do campo de \"Email\"",
                  "fullTitle": "Trybewarts 11 - Posicione os campos de `Email` e `Casa` lado a lado O select das casas está a direita do campo de \"Email\"",
                  "timedOut": null,
                  "duration": 120,
                  "state": "passed",
                  "speed": "fast",
                  "pass": true,
                  "fail": false,
                  "pending": false,
                  "context": null,
                  "code": "cy.get(HOUSES_SELECTOR).should('be.rightOf', USER_EMAIL_INPUT_SELECTOR);",
                  "err": {},
                  "uuid": "5f8f9dc6-bc42-41a5-9d37-0d37127df1c0",
                  "parentUUID": "a0830b61-a1e1-4f81-970f-c3a5a2fa1638",
                  "isHook": false,
                  "skipped": false
                }
              ],
              "suites": [],
              "passes": [
                "5f8f9dc6-bc42-41a5-9d37-0d37127df1c0"
              ],
              "failures": [],
              "pending": [],
              "skipped": [],
              "duration": 120,
              "root": false,
              "rootEmpty": false,
              "_timeout": 2000
            },
            {
              "uuid": "5e8edc29-6963-4b67-b5d0-2ed9023c4ad3",
              "title": "12 - Adicione 3 inputs do tipo `radio` ao formulário",
              "fullFile": "",
              "file": "",
              "beforeHooks": [],
              "afterHooks": [],
              "tests": [
                {
                  "title": "Um elemento com o id \"label-family\" e o texto \"Qual sua família?\" deverá ser criado",
                  "fullTitle": "Trybewarts 12 - Adicione 3 inputs do tipo `radio` ao formulário Um elemento com o id \"label-family\" e o texto \"Qual sua família?\" deverá ser criado",
                  "timedOut": null,
                  "duration": 124,
                  "state": "passed",
                  "speed": "fast",
                  "pass": true,
                  "fail": false,
                  "pending": false,
                  "context": null,
                  "code": "cy.get(`${EVALUATION_FORM} #label-family`).should('have.text', LABEL_FAMILY_TEXT);",
                  "err": {},
                  "uuid": "cb308214-8f57-4602-9272-dc7ce3fad1c1",
                  "parentUUID": "5e8edc29-6963-4b67-b5d0-2ed9023c4ad3",
                  "isHook": false,
                  "skipped": false
                },
                {
                  "title": "Deverá haver um input do tipo radio, com value igual a \"Frontend\" e name igual a \"family\"",
                  "fullTitle": "Trybewarts 12 - Adicione 3 inputs do tipo `radio` ao formulário Deverá haver um input do tipo radio, com value igual a \"Frontend\" e name igual a \"family\"",
                  "timedOut": null,
                  "duration": 104,
                  "state": "passed",
                  "speed": "fast",
                  "pass": true,
                  "fail": false,
                  "pending": false,
                  "context": null,
                  "code": "cy.get(`input[value=${family}]`).should('exist').and('have.attr', 'type', 'radio').and('have.attr', 'name', 'family');",
                  "err": {},
                  "uuid": "eb55a906-8dfd-442b-a075-a8d5bd401431",
                  "parentUUID": "5e8edc29-6963-4b67-b5d0-2ed9023c4ad3",
                  "isHook": false,
                  "skipped": false
                },
                {
                  "title": "Deverá haver um input do tipo radio, com value igual a \"Backend\" e name igual a \"family\"",
                  "fullTitle": "Trybewarts 12 - Adicione 3 inputs do tipo `radio` ao formulário Deverá haver um input do tipo radio, com value igual a \"Backend\" e name igual a \"family\"",
                  "timedOut": null,
                  "duration": 116,
                  "state": "passed",
                  "speed": "fast",
                  "pass": true,
                  "fail": false,
                  "pending": false,
                  "context": null,
                  "code": "cy.get(`input[value=${family}]`).should('exist').and('have.attr', 'type', 'radio').and('have.attr', 'name', 'family');",
                  "err": {},
                  "uuid": "653e33bd-169d-4571-a57c-af35b7dd90ae",
                  "parentUUID": "5e8edc29-6963-4b67-b5d0-2ed9023c4ad3",
                  "isHook": false,
                  "skipped": false
                },
                {
                  "title": "Deverá haver um input do tipo radio, com value igual a \"FullStack\" e name igual a \"family\"",
                  "fullTitle": "Trybewarts 12 - Adicione 3 inputs do tipo `radio` ao formulário Deverá haver um input do tipo radio, com value igual a \"FullStack\" e name igual a \"family\"",
                  "timedOut": null,
                  "duration": 109,
                  "state": "passed",
                  "speed": "fast",
                  "pass": true,
                  "fail": false,
                  "pending": false,
                  "context": null,
                  "code": "cy.get(`input[value=${family}]`).should('exist').and('have.attr', 'type', 'radio').and('have.attr', 'name', 'family');",
                  "err": {},
                  "uuid": "b4bcda1b-8df9-414a-aa0a-66f9d8ce002c",
                  "parentUUID": "5e8edc29-6963-4b67-b5d0-2ed9023c4ad3",
                  "isHook": false,
                  "skipped": false
                },
                {
                  "title": "Posicione os radio buttons para ficar abaixo um do outro, na sequência \"Frontend\", \"Backend\" e \"Fullstack\"",
                  "fullTitle": "Trybewarts 12 - Adicione 3 inputs do tipo `radio` ao formulário Posicione os radio buttons para ficar abaixo um do outro, na sequência \"Frontend\", \"Backend\" e \"Fullstack\"",
                  "timedOut": null,
                  "duration": 111,
                  "state": "passed",
                  "speed": "fast",
                  "pass": true,
                  "fail": false,
                  "pending": false,
                  "context": null,
                  "code": "cy.get('input[value=\"Backend\"]').should('be.below', 'input[value=\"Frontend\"]');\ncy.get('input[value=\"FullStack\"]').should('be.below', 'input[value=\"Backend\"]');",
                  "err": {},
                  "uuid": "acd6ef10-3ae6-44a0-b9c1-e47f89971fd2",
                  "parentUUID": "5e8edc29-6963-4b67-b5d0-2ed9023c4ad3",
                  "isHook": false,
                  "skipped": false
                },
                {
                  "title": "Posicione os radio buttons abaixo do label com id \"label-family\"",
                  "fullTitle": "Trybewarts 12 - Adicione 3 inputs do tipo `radio` ao formulário Posicione os radio buttons abaixo do label com id \"label-family\"",
                  "timedOut": null,
                  "duration": 100,
                  "state": "passed",
                  "speed": "fast",
                  "pass": true,
                  "fail": false,
                  "pending": false,
                  "context": null,
                  "code": "FAMILIES.forEach(family => {\n  cy.get(`input[value=\"${family}\"]`).should('be.below', '#label-family');\n});",
                  "err": {},
                  "uuid": "eeef5dbe-efc6-4135-a10f-e63774335dd9",
                  "parentUUID": "5e8edc29-6963-4b67-b5d0-2ed9023c4ad3",
                  "isHook": false,
                  "skipped": false
                }
              ],
              "suites": [],
              "passes": [
                "cb308214-8f57-4602-9272-dc7ce3fad1c1",
                "eb55a906-8dfd-442b-a075-a8d5bd401431",
                "653e33bd-169d-4571-a57c-af35b7dd90ae",
                "b4bcda1b-8df9-414a-aa0a-66f9d8ce002c",
                "acd6ef10-3ae6-44a0-b9c1-e47f89971fd2",
                "eeef5dbe-efc6-4135-a10f-e63774335dd9"
              ],
              "failures": [],
              "pending": [],
              "skipped": [],
              "duration": 664,
              "root": false,
              "rootEmpty": false,
              "_timeout": 2000
            },
            {
              "uuid": "0729096e-69cb-47ca-8e4f-b61fae4b6da6",
              "title": "13 - Crie 6 inputs do tipo `checkbox`",
              "fullFile": "",
              "file": "",
              "beforeHooks": [],
              "afterHooks": [],
              "tests": [
                {
                  "title": "Existe um elemento com o id \"label-content\" e o texto \"Qual conteúdo você está com mais vontade de aprender?\"",
                  "fullTitle": "Trybewarts 13 - Crie 6 inputs do tipo `checkbox` Existe um elemento com o id \"label-content\" e o texto \"Qual conteúdo você está com mais vontade de aprender?\"",
                  "timedOut": null,
                  "duration": 113,
                  "state": "passed",
                  "speed": "fast",
                  "pass": true,
                  "fail": false,
                  "pending": false,
                  "context": null,
                  "code": "cy.get('#label-content').contains(LABEL_CONTENT_TEXT);",
                  "err": {},
                  "uuid": "ae4da0a2-9726-48fc-998e-7c0b2ca5190d",
                  "parentUUID": "0729096e-69cb-47ca-8e4f-b61fae4b6da6",
                  "isHook": false,
                  "skipped": false
                },
                {
                  "title": "Existe uma checkbox com a classe \"subject\" e value igual a HoFs",
                  "fullTitle": "Trybewarts 13 - Crie 6 inputs do tipo `checkbox` Existe uma checkbox com a classe \"subject\" e value igual a HoFs",
                  "timedOut": null,
                  "duration": 105,
                  "state": "passed",
                  "speed": "fast",
                  "pass": true,
                  "fail": false,
                  "pending": false,
                  "context": null,
                  "code": "cy.get(`${EVALUATION_FORM} input[value=${checkbox}]`).should('exist').and('have.class', 'subject');",
                  "err": {},
                  "uuid": "a539d5d7-fcc5-483b-a141-781394701bf0",
                  "parentUUID": "0729096e-69cb-47ca-8e4f-b61fae4b6da6",
                  "isHook": false,
                  "skipped": false
                },
                {
                  "title": "Existe uma checkbox com a classe \"subject\" e value igual a Jest",
                  "fullTitle": "Trybewarts 13 - Crie 6 inputs do tipo `checkbox` Existe uma checkbox com a classe \"subject\" e value igual a Jest",
                  "timedOut": null,
                  "duration": 110,
                  "state": "passed",
                  "speed": "fast",
                  "pass": true,
                  "fail": false,
                  "pending": false,
                  "context": null,
                  "code": "cy.get(`${EVALUATION_FORM} input[value=${checkbox}]`).should('exist').and('have.class', 'subject');",
                  "err": {},
                  "uuid": "7d5bd8b7-1e38-4b9c-b3a5-9f56c1b045d0",
                  "parentUUID": "0729096e-69cb-47ca-8e4f-b61fae4b6da6",
                  "isHook": false,
                  "skipped": false
                },
                {
                  "title": "Existe uma checkbox com a classe \"subject\" e value igual a Promises",
                  "fullTitle": "Trybewarts 13 - Crie 6 inputs do tipo `checkbox` Existe uma checkbox com a classe \"subject\" e value igual a Promises",
                  "timedOut": null,
                  "duration": 127,
                  "state": "passed",
                  "speed": "fast",
                  "pass": true,
                  "fail": false,
                  "pending": false,
                  "context": null,
                  "code": "cy.get(`${EVALUATION_FORM} input[value=${checkbox}]`).should('exist').and('have.class', 'subject');",
                  "err": {},
                  "uuid": "0d202203-3705-4dfc-b230-f647600d01eb",
                  "parentUUID": "0729096e-69cb-47ca-8e4f-b61fae4b6da6",
                  "isHook": false,
                  "skipped": false
                },
                {
                  "title": "Existe uma checkbox com a classe \"subject\" e value igual a React",
                  "fullTitle": "Trybewarts 13 - Crie 6 inputs do tipo `checkbox` Existe uma checkbox com a classe \"subject\" e value igual a React",
                  "timedOut": null,
                  "duration": 126,
                  "state": "passed",
                  "speed": "fast",
                  "pass": true,
                  "fail": false,
                  "pending": false,
                  "context": null,
                  "code": "cy.get(`${EVALUATION_FORM} input[value=${checkbox}]`).should('exist').and('have.class', 'subject');",
                  "err": {},
                  "uuid": "3bcbe8cc-0d5e-494b-bf00-8a77025cd087",
                  "parentUUID": "0729096e-69cb-47ca-8e4f-b61fae4b6da6",
                  "isHook": false,
                  "skipped": false
                },
                {
                  "title": "Existe uma checkbox com a classe \"subject\" e value igual a SQL",
                  "fullTitle": "Trybewarts 13 - Crie 6 inputs do tipo `checkbox` Existe uma checkbox com a classe \"subject\" e value igual a SQL",
                  "timedOut": null,
                  "duration": 139,
                  "state": "passed",
                  "speed": "fast",
                  "pass": true,
                  "fail": false,
                  "pending": false,
                  "context": null,
                  "code": "cy.get(`${EVALUATION_FORM} input[value=${checkbox}]`).should('exist').and('have.class', 'subject');",
                  "err": {},
                  "uuid": "30b4117b-ae16-44f7-8126-1f8ba6bb8e29",
                  "parentUUID": "0729096e-69cb-47ca-8e4f-b61fae4b6da6",
                  "isHook": false,
                  "skipped": false
                },
                {
                  "title": "Existe uma checkbox com a classe \"subject\" e value igual a Python",
                  "fullTitle": "Trybewarts 13 - Crie 6 inputs do tipo `checkbox` Existe uma checkbox com a classe \"subject\" e value igual a Python",
                  "timedOut": null,
                  "duration": 109,
                  "state": "passed",
                  "speed": "fast",
                  "pass": true,
                  "fail": false,
                  "pending": false,
                  "context": null,
                  "code": "cy.get(`${EVALUATION_FORM} input[value=${checkbox}]`).should('exist').and('have.class', 'subject');",
                  "err": {},
                  "uuid": "4de83646-b955-423c-b53d-a28be3305049",
                  "parentUUID": "0729096e-69cb-47ca-8e4f-b61fae4b6da6",
                  "isHook": false,
                  "skipped": false
                },
                {
                  "title": "As checkboxes estão posicionadas abaixo do label com id \"label-content\"",
                  "fullTitle": "Trybewarts 13 - Crie 6 inputs do tipo `checkbox` As checkboxes estão posicionadas abaixo do label com id \"label-content\"",
                  "timedOut": null,
                  "duration": 119,
                  "state": "passed",
                  "speed": "fast",
                  "pass": true,
                  "fail": false,
                  "pending": false,
                  "context": null,
                  "code": "CHECKBOXES.forEach(checkbox => {\n  cy.get(`${EVALUATION_FORM} input[value=${checkbox}]`).should('be.below', `${EVALUATION_FORM} #label-content`);\n});",
                  "err": {},
                  "uuid": "18f19b42-10a5-4395-ad52-9546249abd0d",
                  "parentUUID": "0729096e-69cb-47ca-8e4f-b61fae4b6da6",
                  "isHook": false,
                  "skipped": false
                }
              ],
              "suites": [],
              "passes": [
                "ae4da0a2-9726-48fc-998e-7c0b2ca5190d",
                "a539d5d7-fcc5-483b-a141-781394701bf0",
                "7d5bd8b7-1e38-4b9c-b3a5-9f56c1b045d0",
                "0d202203-3705-4dfc-b230-f647600d01eb",
                "3bcbe8cc-0d5e-494b-bf00-8a77025cd087",
                "30b4117b-ae16-44f7-8126-1f8ba6bb8e29",
                "4de83646-b955-423c-b53d-a28be3305049",
                "18f19b42-10a5-4395-ad52-9546249abd0d"
              ],
              "failures": [],
              "pending": [],
              "skipped": [],
              "duration": 948,
              "root": false,
              "rootEmpty": false,
              "_timeout": 2000
            },
            {
              "uuid": "db3ad504-a3cb-4c62-8461-ff68d6b43d98",
              "title": "14 - Crie um campo de entrada para avaliar de 1 a 10 o nível de satisfação com a Trybewarts",
              "fullFile": "",
              "file": "",
              "beforeHooks": [],
              "afterHooks": [],
              "tests": [
                {
                  "title": "Um elemento com o id label-rate e o texto \"Como você avalia a Trybewarts?\" deverá ser criado",
                  "fullTitle": "Trybewarts 14 - Crie um campo de entrada para avaliar de 1 a 10 o nível de satisfação com a Trybewarts Um elemento com o id label-rate e o texto \"Como você avalia a Trybewarts?\" deverá ser criado",
                  "timedOut": null,
                  "duration": 128,
                  "state": "passed",
                  "speed": "fast",
                  "pass": true,
                  "fail": false,
                  "pending": false,
                  "context": null,
                  "code": "cy.get('#label-rate').contains(LABEL_RATE_TEXT);",
                  "err": {},
                  "uuid": "94cc44c5-baa3-4381-89e5-4243fdd3a843",
                  "parentUUID": "db3ad504-a3cb-4c62-8461-ff68d6b43d98",
                  "isHook": false,
                  "skipped": false
                },
                {
                  "title": "O campo deve ser formado por dez radio buttons, contendo as opções de 1 a 10",
                  "fullTitle": "Trybewarts 14 - Crie um campo de entrada para avaliar de 1 a 10 o nível de satisfação com a Trybewarts O campo deve ser formado por dez radio buttons, contendo as opções de 1 a 10",
                  "timedOut": null,
                  "duration": 132,
                  "state": "passed",
                  "speed": "fast",
                  "pass": true,
                  "fail": false,
                  "pending": false,
                  "context": null,
                  "code": "cy.get('input[name=\"rate\"]').its('length').should('be.gt', 9);",
                  "err": {},
                  "uuid": "8b78d6ca-4fdb-451a-8cd4-37052c5926ea",
                  "parentUUID": "db3ad504-a3cb-4c62-8461-ff68d6b43d98",
                  "isHook": false,
                  "skipped": false
                }
              ],
              "suites": [],
              "passes": [
                "94cc44c5-baa3-4381-89e5-4243fdd3a843",
                "8b78d6ca-4fdb-451a-8cd4-37052c5926ea"
              ],
              "failures": [],
              "pending": [],
              "skipped": [],
              "duration": 260,
              "root": false,
              "rootEmpty": false,
              "_timeout": 2000
            },
            {
              "uuid": "4041c9c7-10e0-42d6-9b0e-4cf794135369",
              "title": "15 - Crie um elemento `textarea`, de `id` `textarea` e número máximo de 500 caracteres",
              "fullFile": "",
              "file": "",
              "beforeHooks": [],
              "afterHooks": [],
              "tests": [
                {
                  "title": "Uma label com a classe textarea e o texto \"Deixe seu comentário:\" deverá ser criado\" ",
                  "fullTitle": "Trybewarts 15 - Crie um elemento `textarea`, de `id` `textarea` e número máximo de 500 caracteres Uma label com a classe textarea e o texto \"Deixe seu comentário:\" deverá ser criado\" ",
                  "timedOut": null,
                  "duration": 106,
                  "state": "passed",
                  "speed": "fast",
                  "pass": true,
                  "fail": false,
                  "pending": false,
                  "context": null,
                  "code": "cy.get('.textarea').contains(LABEL_TEXTAREA);",
                  "err": {},
                  "uuid": "effaa0ce-01b9-455d-8b0a-5d7e4363c472",
                  "parentUUID": "4041c9c7-10e0-42d6-9b0e-4cf794135369",
                  "isHook": false,
                  "skipped": false
                },
                {
                  "title": "O campo textarea deverá ter o máximo de 500 caracteres",
                  "fullTitle": "Trybewarts 15 - Crie um elemento `textarea`, de `id` `textarea` e número máximo de 500 caracteres O campo textarea deverá ter o máximo de 500 caracteres",
                  "timedOut": null,
                  "duration": 10934,
                  "state": "passed",
                  "speed": "slow",
                  "pass": true,
                  "fail": false,
                  "pending": false,
                  "context": null,
                  "code": "cy.get('textarea').type('text'.repeat(200));\ncy.get('textarea').invoke('val').should(value => {\n  expect(value).to.match(/^[a-z]{500}$/);\n});",
                  "err": {},
                  "uuid": "dca7fd80-f90c-475f-9b27-0dd231cd8918",
                  "parentUUID": "4041c9c7-10e0-42d6-9b0e-4cf794135369",
                  "isHook": false,
                  "skipped": false
                }
              ],
              "suites": [],
              "passes": [
                "effaa0ce-01b9-455d-8b0a-5d7e4363c472",
                "dca7fd80-f90c-475f-9b27-0dd231cd8918"
              ],
              "failures": [],
              "pending": [],
              "skipped": [],
              "duration": 11040,
              "root": false,
              "rootEmpty": false,
              "_timeout": 2000
            },
            {
              "uuid": "dc807fe0-b9b0-4370-8a6b-bcdeb8e66fa9",
              "title": "16 - Crie um elemento `checkbox` para validar as informações digitadas pela pessoa usuária",
              "fullFile": "",
              "file": "",
              "beforeHooks": [],
              "afterHooks": [],
              "tests": [
                {
                  "title": "Uma label com o id \"label-infos\" deve possuir o texto \"Você concorda com o uso das informações acima?\"",
                  "fullTitle": "Trybewarts 16 - Crie um elemento `checkbox` para validar as informações digitadas pela pessoa usuária Uma label com o id \"label-infos\" deve possuir o texto \"Você concorda com o uso das informações acima?\"",
                  "timedOut": null,
                  "duration": 232,
                  "state": "passed",
                  "speed": "fast",
                  "pass": true,
                  "fail": false,
                  "pending": false,
                  "context": null,
                  "code": "cy.get('label#label-infos').should('exist').contains('Você concorda com o uso das informações acima?');",
                  "err": {},
                  "uuid": "04311661-6ed7-468a-b846-df36a742db27",
                  "parentUUID": "dc807fe0-b9b0-4370-8a6b-bcdeb8e66fa9",
                  "isHook": false,
                  "skipped": false
                },
                {
                  "title": "Um input do tipo checkbox deve existir e deve possuir o id \"agreement\"",
                  "fullTitle": "Trybewarts 16 - Crie um elemento `checkbox` para validar as informações digitadas pela pessoa usuária Um input do tipo checkbox deve existir e deve possuir o id \"agreement\"",
                  "timedOut": null,
                  "duration": 151,
                  "state": "passed",
                  "speed": "fast",
                  "pass": true,
                  "fail": false,
                  "pending": false,
                  "context": null,
                  "code": "cy.get('input#agreement[type=\"checkbox\"]').should('exist');",
                  "err": {},
                  "uuid": "9bec0fa7-a84b-4f6a-91a8-d372fb1f3fc7",
                  "parentUUID": "dc807fe0-b9b0-4370-8a6b-bcdeb8e66fa9",
                  "isHook": false,
                  "skipped": false
                }
              ],
              "suites": [],
              "passes": [
                "04311661-6ed7-468a-b846-df36a742db27",
                "9bec0fa7-a84b-4f6a-91a8-d372fb1f3fc7"
              ],
              "failures": [],
              "pending": [],
              "skipped": [],
              "duration": 383,
              "root": false,
              "rootEmpty": false,
              "_timeout": 2000
            },
            {
              "uuid": "7c5d417a-bc03-4954-8b4a-92994660f42a",
              "title": "17 - Crie um botão de \"Enviar\" para submeter o formulário",
              "fullFile": "",
              "file": "",
              "beforeHooks": [],
              "afterHooks": [],
              "tests": [
                {
                  "title": "Deve existir um botão com o id \"submit-btn\" e o texto \"Enviar\"",
                  "fullTitle": "Trybewarts 17 - Crie um botão de \"Enviar\" para submeter o formulário Deve existir um botão com o id \"submit-btn\" e o texto \"Enviar\"",
                  "timedOut": null,
                  "duration": 187,
                  "state": "passed",
                  "speed": "fast",
                  "pass": true,
                  "fail": false,
                  "pending": false,
                  "context": null,
                  "code": "cy.get('button#submit-btn[type=\"submit\"]').should('exist').should('have.text', 'Enviar');",
                  "err": {},
                  "uuid": "a7cf4083-f3e0-4901-a303-4e6583a9c34e",
                  "parentUUID": "7c5d417a-bc03-4954-8b4a-92994660f42a",
                  "isHook": false,
                  "skipped": false
                }
              ],
              "suites": [],
              "passes": [
                "a7cf4083-f3e0-4901-a303-4e6583a9c34e"
              ],
              "failures": [],
              "pending": [],
              "skipped": [],
              "duration": 187,
              "root": false,
              "rootEmpty": false,
              "_timeout": 2000
            },
            {
              "uuid": "9059aa8f-dccf-4495-9608-eea2bfd91978",
              "title": "18 - Habilite o botão \"Enviar\" após a validação do `checkbox`",
              "fullFile": "",
              "file": "",
              "beforeHooks": [],
              "afterHooks": [],
              "tests": [
                {
                  "title": "O botão deve inicialmente estar desabilitado",
                  "fullTitle": "Trybewarts 18 - Habilite o botão \"Enviar\" após a validação do `checkbox` O botão deve inicialmente estar desabilitado",
                  "timedOut": null,
                  "duration": 164,
                  "state": "passed",
                  "speed": "fast",
                  "pass": true,
                  "fail": false,
                  "pending": false,
                  "context": null,
                  "code": "cy.get('button#submit-btn').should('be.disabled');",
                  "err": {},
                  "uuid": "5702c02e-85ea-409c-a418-bc5e44babb19",
                  "parentUUID": "9059aa8f-dccf-4495-9608-eea2bfd91978",
                  "isHook": false,
                  "skipped": false
                },
                {
                  "title": "Ao marcar o campo de confirmação, o botão de Enviar deve ser habilitado",
                  "fullTitle": "Trybewarts 18 - Habilite o botão \"Enviar\" após a validação do `checkbox` Ao marcar o campo de confirmação, o botão de Enviar deve ser habilitado",
                  "timedOut": null,
                  "duration": 260,
                  "state": "passed",
                  "speed": "fast",
                  "pass": true,
                  "fail": false,
                  "pending": false,
                  "context": null,
                  "code": "cy.get('input#agreement').check();\ncy.get('button#submit-btn').should('not.be.disabled');",
                  "err": {},
                  "uuid": "e9d87fa4-5357-4d8d-a6e5-a8c308ee41ee",
                  "parentUUID": "9059aa8f-dccf-4495-9608-eea2bfd91978",
                  "isHook": false,
                  "skipped": false
                }
              ],
              "suites": [],
              "passes": [
                "5702c02e-85ea-409c-a418-bc5e44babb19",
                "e9d87fa4-5357-4d8d-a6e5-a8c308ee41ee"
              ],
              "failures": [],
              "pending": [],
              "skipped": [],
              "duration": 424,
              "root": false,
              "rootEmpty": false,
              "_timeout": 2000
            },
            {
              "uuid": "9519ae17-a038-43ca-a25c-001526f17552",
              "title": "19 - Crie um rodapé ao final da página",
              "fullFile": "",
              "file": "",
              "beforeHooks": [],
              "afterHooks": [],
              "tests": [
                {
                  "title": "O rodapé deve conter o texto \"Direitos reservados à Trybewarts©\"",
                  "fullTitle": "Trybewarts 19 - Crie um rodapé ao final da página O rodapé deve conter o texto \"Direitos reservados à Trybewarts©\"",
                  "timedOut": null,
                  "duration": 159,
                  "state": "passed",
                  "speed": "fast",
                  "pass": true,
                  "fail": false,
                  "pending": false,
                  "context": null,
                  "code": "cy.get('footer').should('exist').contains('Direitos reservados à Trybewarts©');",
                  "err": {},
                  "uuid": "3e8fe836-cb9e-4e48-887d-26d34b57e7c9",
                  "parentUUID": "9519ae17-a038-43ca-a25c-001526f17552",
                  "isHook": false,
                  "skipped": false
                }
              ],
              "suites": [],
              "passes": [
                "3e8fe836-cb9e-4e48-887d-26d34b57e7c9"
              ],
              "failures": [],
              "pending": [],
              "skipped": [],
              "duration": 159,
              "root": false,
              "rootEmpty": false,
              "_timeout": 2000
            },
            {
              "uuid": "a1018d7b-e465-4389-a808-e546aaf75d2f",
              "title": "20 - Crie um contador de caracteres de `id` `counter` que será decrementado de 500 a 0, à medida que algo vai sendo digitado na textarea",
              "fullFile": "",
              "file": "",
              "beforeHooks": [],
              "afterHooks": [],
              "tests": [
                {
                  "title": "Deve existir um contador com o ID \"counter\"",
                  "fullTitle": "Trybewarts 20 - Crie um contador de caracteres de `id` `counter` que será decrementado de 500 a 0, à medida que algo vai sendo digitado na textarea Deve existir um contador com o ID \"counter\"",
                  "timedOut": null,
                  "duration": 10188,
                  "state": "failed",
                  "speed": null,
                  "pass": false,
                  "fail": true,
                  "pending": false,
                  "context": null,
                  "code": "cy.get('#counter').should('exist');",
                  "err": {
                    "message": "AssertionError: Timed out retrying after 10000ms: Expected to find element: `#counter`, but never found it.",
                    "estack": "AssertionError: Timed out retrying after 10000ms: Expected to find element: `#counter`, but never found it.\n    at Context.eval (http://localhost:40259/__cypress/tests?p=cypress/integration/project.spec.js:366:26)",
                    "diff": null
                  },
                  "uuid": "724a54f9-0807-44d8-b798-605557bd2701",
                  "parentUUID": "a1018d7b-e465-4389-a808-e546aaf75d2f",
                  "isHook": false,
                  "skipped": false
                },
                {
                  "title": "O contador de caracteres deve ser atualizado conforme o conteúdo do textarea muda.",
                  "fullTitle": "Trybewarts 20 - Crie um contador de caracteres de `id` `counter` que será decrementado de 500 a 0, à medida que algo vai sendo digitado na textarea O contador de caracteres deve ser atualizado conforme o conteúdo do textarea muda.",
                  "timedOut": null,
                  "duration": 10218,
                  "state": "failed",
                  "speed": null,
                  "pass": false,
                  "fail": true,
                  "pending": false,
                  "context": null,
                  "code": "cy.get('#counter').contains('500');\ncy.get('#textarea').type('Salve salve família');\ncy.get('#counter').contains('481');\ncy.get('#textarea').clear();\ncy.get('#counter').should('contain', '500');\ncy.get('#textarea').type('Salve salve');\ncy.get('#counter').should('contain', '489');",
                  "err": {
                    "message": "AssertionError: Timed out retrying after 10000ms: Expected to find element: `#counter`, but never found it.",
                    "estack": "AssertionError: Timed out retrying after 10000ms: Expected to find element: `#counter`, but never found it.\n    at Context.eval (http://localhost:40259/__cypress/tests?p=cypress/integration/project.spec.js:369:10)",
                    "diff": null
                  },
                  "uuid": "6c5ca95c-b02f-4a96-b82e-75983c638eae",
                  "parentUUID": "a1018d7b-e465-4389-a808-e546aaf75d2f",
                  "isHook": false,
                  "skipped": false
                }
              ],
              "suites": [],
              "passes": [],
              "failures": [
                "724a54f9-0807-44d8-b798-605557bd2701",
                "6c5ca95c-b02f-4a96-b82e-75983c638eae"
              ],
              "pending": [],
              "skipped": [],
              "duration": 20406,
              "root": false,
              "rootEmpty": false,
              "_timeout": 2000
            },
            {
              "uuid": "0951d7d7-b914-4ebe-b410-8e6806611b56",
              "title": "21 - Substitua o formulário pelas informações da pessoa estudante",
              "fullFile": "",
              "file": "",
              "beforeHooks": [],
              "afterHooks": [],
              "tests": [
                {
                  "title": "Deve haver um texto no modelo \"Nome: John Doe\" (substitua John Doe pelo nome e sobrenome preenchido no formulário)",
                  "fullTitle": "Trybewarts 21 - Substitua o formulário pelas informações da pessoa estudante Deve haver um texto no modelo \"Nome: John Doe\" (substitua John Doe pelo nome e sobrenome preenchido no formulário)",
                  "timedOut": null,
                  "duration": 11562,
                  "state": "failed",
                  "speed": null,
                  "pass": false,
                  "fail": true,
                  "pending": false,
                  "context": null,
                  "code": "cy.get('#form-data').contains(`Nome: ${firstName} ${lastName}`);",
                  "err": {
                    "message": "AssertionError: Timed out retrying after 10000ms: Expected to find element: `#textarea`, but never found it.\n\nBecause this error occurred during a `before each` hook we are skipping the remaining tests in the current suite: `21 - Substitua o formulário...`",
                    "estack": "AssertionError: Timed out retrying after 10000ms: Expected to find element: `#textarea`, but never found it.\n\nBecause this error occurred during a `before each` hook we are skipping the remaining tests in the current suite: `21 - Substitua o formulário...`\n    at fillForm (http://localhost:40259/__cypress/tests?p=cypress/integration/project.spec.js:422:10)\n    at Context.eval (http://localhost:40259/__cypress/tests?p=cypress/integration/project.spec.js:428:7)",
                    "diff": null
                  },
                  "uuid": "47db5b4c-4d14-4d9c-8137-dc5333a864c3",
                  "parentUUID": "0951d7d7-b914-4ebe-b410-8e6806611b56",
                  "isHook": false,
                  "skipped": false
                },
                {
                  "title": "Deve haver um texto no modelo \"Email: alguem@email.com\"",
                  "fullTitle": "Trybewarts 21 - Substitua o formulário pelas informações da pessoa estudante Deve haver um texto no modelo \"Email: alguem@email.com\"",
                  "timedOut": null,
                  "duration": 0,
                  "state": "skipped",
                  "speed": null,
                  "pass": false,
                  "fail": false,
                  "pending": false,
                  "context": null,
                  "code": "cy.get('#form-data').contains(`Email: ${email}`);",
                  "err": {},
                  "uuid": "5b3bfa35-2e2b-40a5-a10e-f4073b575f18",
                  "parentUUID": "0951d7d7-b914-4ebe-b410-8e6806611b56",
                  "isHook": false,
                  "skipped": true
                },
                {
                  "title": "Deve haver um texto no modelo \"Casa: -Casa marcada-\"",
                  "fullTitle": "Trybewarts 21 - Substitua o formulário pelas informações da pessoa estudante Deve haver um texto no modelo \"Casa: -Casa marcada-\"",
                  "timedOut": null,
                  "duration": 0,
                  "state": "skipped",
                  "speed": null,
                  "pass": false,
                  "fail": false,
                  "pending": false,
                  "context": null,
                  "code": "cy.get('#form-data').contains(`Casa: ${house}`);",
                  "err": {},
                  "uuid": "9bb4bbb6-ebf8-4efe-be5f-20403b6c52ef",
                  "parentUUID": "0951d7d7-b914-4ebe-b410-8e6806611b56",
                  "isHook": false,
                  "skipped": true
                },
                {
                  "title": "Deve haver um texto no modelo \"Família: -Família marcada-\"",
                  "fullTitle": "Trybewarts 21 - Substitua o formulário pelas informações da pessoa estudante Deve haver um texto no modelo \"Família: -Família marcada-\"",
                  "timedOut": null,
                  "duration": 0,
                  "state": "skipped",
                  "speed": null,
                  "pass": false,
                  "fail": false,
                  "pending": false,
                  "context": null,
                  "code": "cy.get('#form-data').contains(`Família: ${family}`);",
                  "err": {},
                  "uuid": "1834aa0b-c3f7-458e-ab2d-3d0cf4f51cb8",
                  "parentUUID": "0951d7d7-b914-4ebe-b410-8e6806611b56",
                  "isHook": false,
                  "skipped": true
                },
                {
                  "title": "Deve haver um texto no modelo \"Matérias: -Matérias marcadas-\"",
                  "fullTitle": "Trybewarts 21 - Substitua o formulário pelas informações da pessoa estudante Deve haver um texto no modelo \"Matérias: -Matérias marcadas-\"",
                  "timedOut": null,
                  "duration": 0,
                  "state": "skipped",
                  "speed": null,
                  "pass": false,
                  "fail": false,
                  "pending": false,
                  "context": null,
                  "code": "cy.get('#form-data').contains('Matérias: Jest, React, SQL');",
                  "err": {},
                  "uuid": "83da5f21-3480-4a4a-aa98-9d5daa59bc54",
                  "parentUUID": "0951d7d7-b914-4ebe-b410-8e6806611b56",
                  "isHook": false,
                  "skipped": true
                },
                {
                  "title": "Deve haver um texto no modelo \"Avaliação: -Nota marcada-\"",
                  "fullTitle": "Trybewarts 21 - Substitua o formulário pelas informações da pessoa estudante Deve haver um texto no modelo \"Avaliação: -Nota marcada-\"",
                  "timedOut": null,
                  "duration": 0,
                  "state": "skipped",
                  "speed": null,
                  "pass": false,
                  "fail": false,
                  "pending": false,
                  "context": null,
                  "code": "cy.get('#form-data').contains(`Avaliação: ${rate}`);",
                  "err": {},
                  "uuid": "a3076fb8-e94e-484d-ba11-c4d2f9b5f36c",
                  "parentUUID": "0951d7d7-b914-4ebe-b410-8e6806611b56",
                  "isHook": false,
                  "skipped": true
                },
                {
                  "title": "Deve haver um texto no modelo \"Observações: -Texto preenchido-\"",
                  "fullTitle": "Trybewarts 21 - Substitua o formulário pelas informações da pessoa estudante Deve haver um texto no modelo \"Observações: -Texto preenchido-\"",
                  "timedOut": null,
                  "duration": 0,
                  "state": "skipped",
                  "speed": null,
                  "pass": false,
                  "fail": false,
                  "pending": false,
                  "context": null,
                  "code": "cy.get('#form-data').contains(`Observações: ${observation}`);",
                  "err": {},
                  "uuid": "7bdb8ce1-f627-4c6f-8bca-838cbb51a1a5",
                  "parentUUID": "0951d7d7-b914-4ebe-b410-8e6806611b56",
                  "isHook": false,
                  "skipped": true
                },
                {
                  "title": "Ao enviar as informações, o formulário deve ser substituído pelas informações da pessoa usuária",
                  "fullTitle": "Trybewarts 21 - Substitua o formulário pelas informações da pessoa estudante Ao enviar as informações, o formulário deve ser substituído pelas informações da pessoa usuária",
                  "timedOut": null,
                  "duration": 0,
                  "state": "skipped",
                  "speed": null,
                  "pass": false,
                  "fail": false,
                  "pending": false,
                  "context": null,
                  "code": "cy.get('#evaluation-form').should('not.be.visible');",
                  "err": {},
                  "uuid": "745f3354-9692-4ecd-b1bb-6be6d2903fcc",
                  "parentUUID": "0951d7d7-b914-4ebe-b410-8e6806611b56",
                  "isHook": false,
                  "skipped": true
                }
              ],
              "suites": [],
              "passes": [],
              "failures": [
                "47db5b4c-4d14-4d9c-8137-dc5333a864c3"
              ],
              "pending": [],
              "skipped": [
                "5b3bfa35-2e2b-40a5-a10e-f4073b575f18",
                "9bb4bbb6-ebf8-4efe-be5f-20403b6c52ef",
                "1834aa0b-c3f7-458e-ab2d-3d0cf4f51cb8",
                "83da5f21-3480-4a4a-aa98-9d5daa59bc54",
                "a3076fb8-e94e-484d-ba11-c4d2f9b5f36c",
                "7bdb8ce1-f627-4c6f-8bca-838cbb51a1a5",
                "745f3354-9692-4ecd-b1bb-6be6d2903fcc"
              ],
              "duration": 11562,
              "root": false,
              "rootEmpty": false,
              "_timeout": 2000
            }
          ],
          "passes": [],
          "failures": [],
          "pending": [],
          "skipped": [],
          "duration": 0,
          "root": false,
          "rootEmpty": false,
          "_timeout": 2000
        }
      ],
      "passes": [],
      "failures": [],
      "pending": [],
      "skipped": [],
      "duration": 0,
      "root": true,
      "rootEmpty": true,
      "_timeout": 2000
    }
  ],
  "meta": {
    "mocha": {
      "version": "7.0.1"
    },
    "mochawesome": {
      "options": {
        "quiet": false,
        "reportFilename": "mochawesome",
        "saveHtml": false,
        "saveJson": true,
        "consoleReporter": "spec",
        "useInlineDiffs": false,
        "code": true
      },
      "version": "6.2.2"
    },
    "marge": {
      "options": {
        "id": "default",
        "reportDir": "cypress/reports",
        "overwrite": false,
        "html": false,
        "json": true
      },
      "version": "5.2.0"
    }
  }
}